Information: Updating design information... (UID-85)
 
****************************************
Report : timing
        -path full
        -delay max
        -max_paths 1
Design : MyDesign
Version: T-2022.03-SP4
Date   : Wed Dec  6 16:01:54 2023
****************************************

Operating Conditions: slow   Library: NangateOpenCellLibrary_PDKv1_2_v2008_10_slow_nldm
Wire Load Model Mode: top

  Startpoint: current_state_reg[1]
              (rising edge-triggered flip-flop clocked by clk)
  Endpoint: accumulate_img_reg[4]
            (rising edge-triggered flip-flop clocked by clk)
  Path Group: clk
  Path Type: max

  Point                                    Incr       Path
  -----------------------------------------------------------
  clock clk (rise edge)                  0.0000     0.0000
  clock network delay (ideal)            0.0000     0.0000
  current_state_reg[1]/CK (SDFF_X1)      0.0000     0.0000 r
  current_state_reg[1]/QN (SDFF_X1)      0.5852     0.5852 f
  U23962/ZN (NAND2_X1)                   0.1830     0.7682 r
  U23928/ZN (INV_X2)                     0.0934     0.8616 f
  U33546/ZN (NAND2_X2)                   0.1754     1.0370 r
  U25357/ZN (NAND3_X2)                   0.1163     1.1534 f
  U33471/ZN (NAND4_X4)                   0.1981     1.3514 r
  U23866/ZN (INV_X16)                    0.1137     1.4651 f
  U25345/ZN (INV_X8)                     0.1949     1.6600 r
  U23835/ZN (INV_X4)                     0.0759     1.7359 f
  U14344/ZN (NAND2_X1)                   0.1022     1.8381 r
  U10111/ZN (NAND2_X1)                   0.0933     1.9314 f
  U10110/ZN (INV_X1)                     0.1338     2.0652 r
  U10648/ZN (INV_X4)                     0.0816     2.1468 f
  U8958/ZN (INV_X8)                      0.1183     2.2651 r
  U11254/ZN (INV_X32)                    0.0673     2.3324 f
  U37916/ZN (XNOR2_X1)                   0.2407     2.5731 f
  U37917/ZN (OAI22_X1)                   0.4155     2.9886 r
  U9195/ZN (INV_X1)                      0.0753     3.0639 f
  U9220/ZN (INV_X1)                      0.2017     3.2656 r
  U37999/S (FA_X1)                       0.7789     4.0445 f
  U38254/S (FA_X1)                       0.8581     4.9026 f
  U38456/CO (FA_X1)                      0.6179     5.5204 f
  U38463/CO (FA_X1)                      0.6259     6.1463 f
  U38460/CO (FA_X1)                      0.6507     6.7970 f
  U38458/CO (FA_X1)                      0.5360     7.3330 f
  U38527/S (FA_X1)                       0.7970     8.1301 r
  U21593/ZN (NOR2_X1)                    0.0850     8.2150 f
  U21546/ZN (NOR2_X1)                    0.3134     8.5284 r
  U34617/ZN (NAND2_X1)                   0.1333     8.6617 f
  U21474/ZN (INV_X1)                     0.0848     8.7465 r
  U21444/ZN (NAND2_X1)                   0.0660     8.8125 f
  U21383/ZN (AND2_X2)                    0.2070     9.0195 f
  U24830/ZN (NAND2_X4)                   0.2048     9.2243 r
  U11445/ZN (INV_X16)                    0.0860     9.3104 f
  U28560/ZN (OAI21_X1)                   0.2792     9.5895 r
  U11568/ZN (XNOR2_X2)                   0.3914     9.9810 r
  U43248/ZN (NAND2_X1)                   0.1074    10.0884 f
  U21097/ZN (AND4_X1)                    0.4416    10.5300 f
  U43249/ZN (INV_X1)                     0.0942    10.6242 r
  U43250/ZN (NAND2_X1)                   0.0665    10.6907 f
  U10660/ZN (NAND4_X2)                   0.2545    10.9452 r
  U9547/ZN (NAND2_X1)                    0.0883    11.0335 f
  U20246/ZN (NAND3_X1)                   0.2146    11.2481 r
  U20218/ZN (NAND2_X1)                   0.0851    11.3333 f
  U19706/ZN (NAND2_X1)                   0.2060    11.5393 r
  U10540/ZN (AND2_X4)                    0.1853    11.7246 r
  U13407/ZN (AND3_X2)                    0.1816    11.9062 r
  U19523/ZN (NAND2_X2)                   0.0804    11.9866 f
  U19509/ZN (NOR2_X2)                    0.2333    12.2199 r
  U19465/ZN (NAND3_X1)                   0.1338    12.3537 f
  U19427/ZN (INV_X1)                     0.1023    12.4560 r
  U51936/ZN (NAND2_X1)                   0.0745    12.5306 f
  U19287/ZN (NOR2_X1)                    0.2612    12.7918 r
  U19256/ZN (XNOR2_X1)                   0.3610    13.1528 r
  U19207/ZN (INV_X1)                     0.0712    13.2240 f
  U51975/ZN (NAND2_X1)                   0.1090    13.3331 r
  U18989/ZN (NAND2_X1)                   0.1159    13.4490 f
  U52507/ZN (NOR4_X1)                    0.5316    13.9806 r
  U52510/ZN (NAND4_X1)                   0.1768    14.1574 f
  U18851/ZN (NOR2_X1)                    0.2275    14.3849 r
  U18850/ZN (NAND2_X1)                   0.0916    14.4765 f
  U13219/ZN (NAND2_X2)                   0.0935    14.5700 r
  U25294/ZN (NAND2_X2)                   0.0783    14.6484 f
  U13215/ZN (INV_X1)                     0.1012    14.7495 r
  U18819/ZN (NAND2_X2)                   0.0620    14.8115 f
  U18805/ZN (NAND2_X1)                   0.1004    14.9120 r
  U18802/ZN (AND3_X2)                    0.2521    15.1641 r
  U25072/ZN (OAI21_X4)                   0.1153    15.2794 f
  U25071/ZN (INV_X4)                     0.0956    15.3750 r
  U13177/ZN (NAND2_X2)                   0.0589    15.4338 f
  U25288/ZN (NAND2_X2)                   0.2211    15.6550 r
  U11317/ZN (NAND2_X4)                   0.1087    15.7637 f
  U25101/ZN (INV_X4)                     0.3197    16.0834 r
  U52851/ZN (NAND2_X1)                   0.1045    16.1878 f
  U18392/ZN (AND2_X1)                    0.1800    16.3679 f
  U52855/ZN (NAND3_X1)                   0.1872    16.5551 r
  U52944/ZN (NAND2_X1)                   0.1312    16.6863 f
  U18223/ZN (AND3_X1)                    0.2628    16.9492 f
  U9638/ZN (NAND2_X1)                    0.1245    17.0737 r
  U10412/ZN (OAI211_X2)                  0.1443    17.2180 f
  U52947/ZN (AOI21_X1)                   0.2090    17.4270 r
  U11021/ZN (AND2_X4)                    0.2477    17.6747 r
  U11020/ZN (XNOR2_X2)                   0.2625    17.9371 r
  U9841/ZN (NOR2_X1)                     0.0972    18.0344 f
  U10530/ZN (NOR2_X2)                    0.1689    18.2032 r
  U12835/ZN (AND2_X2)                    0.1820    18.3853 r
  U12819/ZN (NAND2_X1)                   0.0677    18.4530 f
  U11127/ZN (NAND2_X2)                   0.0976    18.5506 r
  U11126/ZN (NAND3_X2)                   0.0690    18.6196 f
  U11270/ZN (NAND3_X2)                   0.0983    18.7179 r
  U12803/ZN (NAND2_X2)                   0.0809    18.7988 f
  U26995/ZN (NAND3_X2)                   0.1187    18.9175 r
  U17370/ZN (NOR2_X1)                    0.0764    18.9940 f
  U17353/ZN (NAND2_X1)                   0.1664    19.1604 r
  U24927/ZN (NAND2_X2)                   0.0691    19.2295 f
  U24926/ZN (NAND2_X2)                   0.2216    19.4511 r
  U25255/ZN (NAND3_X4)                   0.1670    19.6181 f
  U17262/ZN (INV_X4)                     0.1108    19.7289 r
  U17229/ZN (NAND2_X1)                   0.0707    19.7996 f
  U17211/ZN (NAND2_X2)                   0.1811    19.9807 r
  U17176/ZN (INV_X2)                     0.0992    20.0799 f
  U24873/ZN (NAND2_X2)                   0.1719    20.2518 r
  U24872/ZN (INV_X8)                     0.1210    20.3727 f
  U17112/ZN (NAND2_X1)                   0.1119    20.4847 r
  U17081/ZN (NAND2_X1)                   0.0862    20.5709 f
  U17080/ZN (NOR2_X1)                    0.2334    20.8042 r
  U54133/ZN (INV_X1)                     0.0934    20.8976 f
  U54134/ZN (AOI22_X1)                   0.3151    21.2127 r
  U54135/ZN (NAND2_X1)                   0.1312    21.3439 f
  U54136/Z (MUX2_X1)                     0.5916    21.9356 f
  U54137/ZN (AOI21_X1)                   0.2343    22.1699 r
  U54159/ZN (NAND2_X1)                   0.1311    22.3010 f
  U16800/ZN (AND4_X1)                    0.3116    22.6127 f
  U12644/ZN (INV_X1)                     0.1371    22.7498 r
  U16696/ZN (NOR2_X1)                    0.0965    22.8463 f
  U16685/ZN (NAND3_X1)                   0.1951    23.0414 r
  U31772/ZN (INV_X1)                     0.0887    23.1301 f
  U54717/ZN (NAND2_X1)                   0.1326    23.2627 r
  U32488/ZN (NOR2_X2)                    0.0899    23.3526 f
  U16601/ZN (INV_X1)                     0.0781    23.4307 r
  U54761/ZN (NOR2_X1)                    0.0634    23.4941 f
  U54762/ZN (XNOR2_X1)                   0.2545    23.7486 f
  U54845/ZN (NAND3_X1)                   0.1356    23.8842 r
  U16439/ZN (NAND3_X1)                   0.1082    23.9923 f
  U25300/ZN (NOR3_X2)                    0.2374    24.2297 r
  U16253/ZN (NAND3_X1)                   0.1180    24.3477 f
  U16223/ZN (NOR3_X1)                    0.3048    24.6525 r
  U12458/ZN (AND3_X2)                    0.2132    24.8658 r
  U26962/ZN (NAND4_X2)                   0.0668    24.9325 f
  U33519/ZN (NAND2_X2)                   0.0895    25.0220 r
  U25298/ZN (NAND2_X2)                   0.0766    25.0986 f
  U25297/ZN (NAND2_X2)                   0.1688    25.2675 r
  U10954/ZN (AOI21_X4)                   0.1086    25.3761 f
  U27010/ZN (OAI21_X4)                   0.2454    25.6215 r
  U26803/ZN (INV_X4)                     0.0812    25.7027 f
  U16019/ZN (NAND2_X1)                   0.1285    25.8312 r
  U26802/ZN (NAND2_X2)                   0.1272    25.9584 f
  U12347/ZN (OR2_X4)                     0.3168    26.2752 f
  U54965/ZN (INV_X4)                     0.3170    26.5921 r
  U55178/ZN (NAND2_X1)                   0.1041    26.6962 f
  U15859/ZN (AND2_X1)                    0.1792    26.8755 f
  U15832/ZN (NAND3_X1)                   0.1853    27.0608 r
  U55180/ZN (NAND2_X1)                   0.1013    27.1621 f
  U12254/ZN (AND4_X2)                    0.4088    27.5709 f
  U55716/ZN (NOR2_X1)                    0.3668    27.9377 r
  U33323/ZN (XNOR2_X1)                   0.1424    28.0801 f
  U78970/ZN (AOI21_X1)                   0.4612    28.5413 r
  U25924/ZN (NOR2_X2)                    0.1219    28.6632 f
  U24798/ZN (NAND2_X2)                   0.1474    28.8106 r
  U24797/ZN (NOR2_X2)                    0.0765    28.8872 f
  U15432/ZN (NAND2_X1)                   0.1003    28.9874 r
  U15429/ZN (NAND2_X1)                   0.0833    29.0707 f
  U15301/ZN (AOI21_X2)                   0.3553    29.4260 r
  U25258/ZN (NOR2_X2)                    0.0893    29.5152 f
  U15256/ZN (NOR2_X1)                    0.2376    29.7528 r
  U24807/ZN (NAND2_X2)                   0.0887    29.8415 f
  U24804/ZN (NAND2_X2)                   0.0887    29.9303 r
  U24802/ZN (NAND2_X2)                   0.0685    29.9988 f
  U25281/ZN (NAND2_X4)                   0.1592    30.1580 r
  U15165/ZN (INV_X8)                     0.0712    30.2292 f
  U26725/ZN (NAND2_X2)                   0.1357    30.3649 r
  U26937/ZN (NAND2_X4)                   0.1005    30.4654 f
  U15091/ZN (INV_X2)                     0.1230    30.5883 r
  U11088/ZN (NAND2_X4)                   0.0950    30.6834 f
  U11087/ZN (INV_X4)                     0.1859    30.8693 r
  U55776/ZN (NAND2_X1)                   0.1004    30.9697 f
  U25349/ZN (NAND3_X2)                   0.2245    31.1941 r
  U14930/ZN (NAND2_X1)                   0.0849    31.2790 f
  U11850/ZN (NAND2_X1)                   0.1242    31.4032 r
  U14894/ZN (INV_X2)                     0.0706    31.4739 f
  U25591/ZN (NAND2_X2)                   0.0887    31.5626 r
  U25590/ZN (NAND4_X2)                   0.1008    31.6634 f
  U11825/ZN (NAND3_X2)                   0.2077    31.8711 r
  U27409/ZN (NOR2_X1)                    0.0892    31.9604 f
  U14852/ZN (NAND2_X1)                   0.1508    32.1112 r
  U14846/ZN (NAND2_X1)                   0.0742    32.1854 f
  U9988/ZN (NAND2_X1)                    0.1519    32.3373 r
  U11807/ZN (XNOR2_X1)                   0.3350    32.6724 r
  U11797/ZN (INV_X1)                     0.0702    32.7426 f
  U11786/ZN (NAND2_X1)                   0.1301    32.8727 r
  U14734/ZN (NAND2_X1)                   0.1043    32.9770 f
  U25997/ZN (NAND2_X2)                   0.1303    33.1073 r
  U32414/ZN (NAND3_X2)                   0.0803    33.1876 f
  U26896/ZN (NAND3_X2)                   0.2116    33.3992 r
  U14671/ZN (NAND2_X1)                   0.1003    33.4995 f
  U14658/ZN (NAND3_X1)                   0.1574    33.6569 r
  U14649/ZN (XNOR2_X1)                   0.3683    34.0252 r
  U26554/ZN (NOR2_X2)                    0.0868    34.1120 f
  U26548/ZN (NAND3_X2)                   0.1244    34.2364 r
  U26547/ZN (NAND2_X2)                   0.0886    34.3251 f
  U14623/ZN (INV_X4)                     0.0849    34.4100 r
  U11332/ZN (INV_X8)                     0.0746    34.4846 f
  U78839/ZN (OAI21_X1)                   0.2234    34.7079 r
  accumulate_img_reg[4]/D (DFF_X1)       0.0000    34.7079 r
  data arrival time                                34.7079

  clock clk (rise edge)                 35.0000    35.0000
  clock network delay (ideal)            0.0000    35.0000
  clock uncertainty                     -0.0500    34.9500
  accumulate_img_reg[4]/CK (DFF_X1)      0.0000    34.9500 r
  library setup time                    -0.2409    34.7091
  data required time                               34.7091
  -----------------------------------------------------------
  data required time                               34.7091
  data arrival time                               -34.7079
  -----------------------------------------------------------
  slack (MET)                                       0.0011


1
