 
****************************************
Report : timing
        -path full
        -delay max
        -max_paths 1
Design : MyDesign
Version: T-2022.03-SP4
Date   : Wed Dec  6 16:02:58 2023
****************************************

Operating Conditions: slow   Library: NangateOpenCellLibrary_PDKv1_2_v2008_10_slow_nldm
Wire Load Model Mode: top

  Startpoint: q_gates_sram_read_data[43]
              (input port clocked by clk)
  Endpoint: accumulate_real_reg[12]
            (rising edge-triggered flip-flop clocked by clk)
  Path Group: clk
  Path Type: max

  Point                                    Incr       Path
  -----------------------------------------------------------
  clock clk (rise edge)                  0.0000     0.0000
  clock network delay (ideal)            0.0000     0.0000
  input external delay                   0.6580     0.6580 r
  q_gates_sram_read_data[43] (in)        0.2008     0.8588 r
  U24049/ZN (INV_X4)                     0.1314     0.9902 f
  U33094/ZN (INV_X4)                     0.2712     1.2614 r
  U46445/ZN (XNOR2_X1)                   0.3838     1.6451 r
  U9376/ZN (INV_X1)                      0.1644     1.8095 f
  U36763/ZN (INV_X4)                     0.4635     2.2730 r
  U14433/ZN (AND2_X2)                    0.3129     2.5859 r
  U9379/ZN (INV_X4)                      0.1457     2.7315 f
  U63891/ZN (OAI22_X1)                   0.3787     3.1102 r
  U9186/ZN (INV_X1)                      0.1281     3.2384 f
  U10902/ZN (INV_X4)                     0.1003     3.3387 r
  U63943/S (HA_X1)                       0.5871     3.9258 r
  U64099/S (FA_X1)                       0.7635     4.6893 f
  U64133/CO (FA_X1)                      0.5975     5.2867 f
  U35002/ZN (XNOR2_X1)                   0.3537     5.6405 r
  U35001/ZN (XNOR2_X1)                   0.4059     6.0463 r
  U64221/S (FA_X1)                       0.7755     6.8219 f
  U35325/ZN (XNOR2_X1)                   0.3530     7.1749 r
  U35324/ZN (XNOR2_X1)                   0.3605     7.5355 r
  U14022/ZN (OR2_X1)                     0.2638     7.7993 r
  U21796/ZN (NAND2_X1)                   0.1060     7.9053 f
  U21771/ZN (NOR2_X1)                    0.2316     8.1369 r
  U21576/ZN (NAND2_X1)                   0.0998     8.2366 f
  U24673/ZN (NAND3_X2)                   0.2311     8.4677 r
  U10817/ZN (NAND2_X2)                   0.0781     8.5458 f
  U10816/ZN (NAND3_X2)                   0.1344     8.6802 r
  U24506/ZN (NAND3_X1)                   0.1093     8.7895 f
  U25209/ZN (NAND3_X2)                   0.1893     8.9788 r
  U25204/ZN (INV_X4)                     0.0685     9.0473 f
  U21108/ZN (INV_X4)                     0.1757     9.2230 r
  U32875/ZN (AOI21_X1)                   0.1195     9.3425 f
  U21007/ZN (XNOR2_X1)                   0.4731     9.8156 r
  U30507/ZN (NAND2_X1)                   0.1163     9.9319 f
  U20822/ZN (NAND4_X1)                   0.2888    10.2207 r
  U20625/ZN (INV_X1)                     0.0970    10.3176 f
  U68725/ZN (NAND2_X1)                   0.1227    10.4403 r
  U20402/ZN (AND4_X1)                    0.2186    10.6589 r
  U27811/ZN (INV_X1)                     0.0510    10.7099 f
  U13582/ZN (OR2_X2)                     0.2016    10.9115 f
  U19665/ZN (NAND3_X1)                   0.2418    11.1532 r
  U19619/ZN (NAND2_X1)                   0.1125    11.2657 f
  U24509/ZN (NOR2_X2)                    0.1991    11.4648 r
  U24630/ZN (AND4_X2)                    0.2566    11.7214 r
  U24629/ZN (NAND4_X2)                   0.0762    11.7976 f
  U13398/ZN (INV_X1)                     0.1100    11.9076 r
  U11040/ZN (AND3_X4)                    0.2100    12.1177 r
  U11039/ZN (NAND2_X4)                   0.0611    12.1788 f
  U19298/ZN (OAI21_X1)                   0.1938    12.3726 r
  U19242/ZN (AND2_X1)                    0.2019    12.5745 r
  U69322/ZN (NAND2_X1)                   0.0773    12.6518 f
  U19155/ZN (NAND3_X1)                   0.1249    12.7767 r
  U19137/ZN (NOR2_X1)                    0.0974    12.8741 f
  U18959/ZN (NAND4_X1)                   0.2852    13.1593 r
  U26030/ZN (NOR2_X2)                    0.0839    13.2432 f
  U26663/ZN (NAND3_X2)                   0.1188    13.3620 r
  U24757/ZN (NAND2_X2)                   0.1091    13.4711 f
  U13238/ZN (INV_X4)                     0.1011    13.5721 r
  U25304/ZN (NAND2_X2)                   0.0606    13.6327 f
  U18835/ZN (NAND2_X2)                   0.1931    13.8257 r
  U32891/ZN (XNOR2_X1)                   0.3383    14.1641 r
  U10770/ZN (NAND2_X2)                   0.0910    14.2550 f
  U18798/ZN (NAND4_X1)                   0.3081    14.5632 r
  U10203/ZN (AND2_X4)                    0.2582    14.8213 r
  U10956/ZN (INV_X16)                    0.0636    14.8850 f
  U18617/ZN (AOI22_X1)                   0.4024    15.2874 r
  U10345/ZN (NAND3_X2)                   0.1527    15.4401 f
  U69620/ZN (NAND2_X1)                   0.1390    15.5791 r
  U24738/ZN (NAND4_X2)                   0.1532    15.7323 f
  U10248/ZN (AOI22_X2)                   0.2264    15.9587 r
  U11000/ZN (NAND3_X2)                   0.1272    16.0859 f
  U13073/ZN (XNOR2_X1)                   0.2588    16.3447 f
  U13053/ZN (INV_X2)                     0.1134    16.4581 r
  U12995/ZN (NAND2_X1)                   0.0802    16.5383 f
  U17765/ZN (NAND2_X1)                   0.1717    16.7099 r
  U17694/ZN (NOR2_X1)                    0.0756    16.7856 f
  U17623/ZN (NOR2_X1)                    0.2280    17.0136 r
  U10450/ZN (NAND2_X2)                   0.1144    17.1280 f
  U10449/ZN (NAND2_X2)                   0.1298    17.2579 r
  U25811/ZN (NAND3_X2)                   0.0957    17.3535 f
  U17472/ZN (INV_X2)                     0.1367    17.4902 r
  U70575/ZN (OAI21_X1)                   0.0890    17.5792 f
  U70576/ZN (AOI21_X1)                   0.4537    18.0330 r
  U11272/ZN (XNOR2_X2)                   0.3641    18.3970 r
  U11271/ZN (INV_X4)                     0.0698    18.4668 f
  U24690/ZN (XNOR2_X2)                   0.2875    18.7543 f
  U9465/ZN (INV_X1)                      0.1201    18.8744 r
  U17196/ZN (NAND2_X1)                   0.0770    18.9514 f
  U17163/ZN (NAND2_X1)                   0.1431    19.0945 r
  U10973/ZN (NAND2_X2)                   0.0726    19.1672 f
  U10972/ZN (NAND3_X2)                   0.1001    19.2673 r
  U32888/ZN (AOI21_X2)                   0.0966    19.3639 f
  U17097/ZN (NAND2_X1)                   0.1392    19.5031 r
  U25552/ZN (NAND2_X2)                   0.0876    19.5907 f
  U17060/ZN (AND3_X1)                    0.2563    19.8470 f
  U25634/ZN (NAND2_X2)                   0.1336    19.9806 r
  U16997/ZN (XNOR2_X1)                   0.3454    20.3259 r
  U16983/ZN (NAND2_X1)                   0.1318    20.4578 f
  U24865/ZN (OAI21_X2)                   0.2420    20.6998 r
  U10844/ZN (NAND2_X2)                   0.0706    20.7704 f
  U16878/ZN (NAND2_X1)                   0.1290    20.8994 r
  U16869/ZN (NAND2_X1)                   0.1033    21.0027 f
  U25056/ZN (NAND2_X2)                   0.1456    21.1483 r
  U24860/ZN (NAND3_X2)                   0.1067    21.2550 f
  U26240/ZN (NAND3_X4)                   0.1145    21.3696 r
  U16692/ZN (NAND2_X1)                   0.0826    21.4521 f
  U25515/ZN (NAND2_X2)                   0.1040    21.5562 r
  U24702/ZN (XNOR2_X2)                   0.2811    21.8373 r
  U24469/ZN (NOR2_X2)                    0.0713    21.9086 f
  U24468/ZN (NAND3_X2)                   0.2696    22.1781 r
  U12619/ZN (NAND2_X1)                   0.1229    22.3011 f
  U16554/ZN (INV_X2)                     0.1151    22.4161 r
  U16540/ZN (AOI21_X2)                   0.0890    22.5051 f
  U25313/ZN (NAND2_X4)                   0.2227    22.7278 r
  U12608/ZN (INV_X8)                     0.0983    22.8261 f
  U16423/ZN (NAND2_X2)                   0.1652    22.9914 r
  U25422/ZN (INV_X4)                     0.1162    23.1075 f
  U9747/ZN (NAND2_X1)                    0.1808    23.2884 r
  U26093/ZN (NAND4_X2)                   0.1160    23.4043 f
  U16247/ZN (INV_X2)                     0.1028    23.5071 r
  U33288/ZN (NOR2_X2)                    0.0504    23.5575 f
  U16100/ZN (OAI21_X2)                   0.2260    23.7835 r
  U12435/ZN (NAND2_X1)                   0.1102    23.8938 f
  U16064/ZN (NAND2_X1)                   0.1431    24.0369 r
  U25376/ZN (NAND3_X2)                   0.1057    24.1425 f
  U25375/ZN (NAND2_X2)                   0.1517    24.2942 r
  U25417/ZN (NOR2_X2)                    0.0813    24.3755 f
  U24639/ZN (NAND2_X2)                   0.1508    24.5264 r
  U26368/ZN (INV_X4)                     0.0704    24.5968 f
  U74436/ZN (NAND2_X1)                   0.1692    24.7660 r
  U12356/ZN (XNOR2_X1)                   0.3056    25.0716 r
  U12338/ZN (NAND2_X1)                   0.1225    25.1941 f
  U25330/ZN (NAND3_X2)                   0.1325    25.3266 r
  U15816/ZN (NAND2_X1)                   0.0981    25.4247 f
  U12290/ZN (AND2_X2)                    0.1778    25.6025 f
  U12243/ZN (NAND2_X1)                   0.1413    25.7438 r
  U15652/ZN (NAND3_X1)                   0.0917    25.8355 f
  U25336/ZN (AOI21_X2)                   0.3007    26.1362 r
  U11443/ZN (NAND2_X2)                   0.0958    26.2320 f
  U11442/ZN (NAND3_X2)                   0.1020    26.3340 r
  U26373/ZN (NAND2_X2)                   0.0700    26.4041 f
  U26372/ZN (NAND3_X2)                   0.1039    26.5080 r
  U26674/ZN (NAND3_X2)                   0.0774    26.5854 f
  U25948/ZN (NAND2_X2)                   0.0947    26.6801 r
  U25947/ZN (NAND3_X2)                   0.0674    26.7475 f
  U25950/ZN (NAND2_X2)                   0.0900    26.8375 r
  U25949/ZN (NAND3_X2)                   0.0752    26.9127 f
  U26021/ZN (INV_X4)                     0.1153    27.0280 r
  U26973/ZN (INV_X16)                    0.0825    27.1106 f
  U24667/ZN (INV_X4)                     0.2165    27.3271 r
  U15354/ZN (OR2_X1)                     0.1809    27.5079 r
  U75140/ZN (AND2_X2)                    0.1683    27.6763 r
  U75193/ZN (NAND2_X1)                   0.0686    27.7449 f
  U75195/ZN (AND4_X2)                    0.3685    28.1133 f
  U75282/ZN (OAI22_X1)                   0.3699    28.4833 r
  U11973/ZN (OR2_X1)                     0.2708    28.7541 r
  U25661/ZN (NAND2_X1)                   0.0766    28.8307 f
  U33708/ZN (NAND3_X2)                   0.2247    29.0554 r
  U32887/ZN (XNOR2_X2)                   0.2937    29.3492 r
  U33002/ZN (NAND2_X2)                   0.0926    29.4417 f
  U26102/ZN (NAND2_X2)                   0.1232    29.5649 r
  U11891/ZN (INV_X2)                     0.0608    29.6258 f
  U26101/ZN (NAND3_X2)                   0.1928    29.8185 r
  U10185/ZN (INV_X1)                     0.0747    29.8932 f
  U26331/ZN (NAND2_X2)                   0.1115    30.0047 r
  U26330/ZN (NAND2_X2)                   0.0823    30.0870 f
  U26644/ZN (NAND3_X2)                   0.0967    30.1837 r
  U26641/ZN (NAND2_X2)                   0.0794    30.2632 f
  U26640/ZN (NOR2_X2)                    0.1643    30.4275 r
  U26786/ZN (NAND3_X2)                   0.1047    30.5322 f
  U26636/ZN (NAND2_X4)                   0.2024    30.7346 r
  U11809/ZN (INV_X4)                     0.0736    30.8082 f
  U25455/ZN (NAND2_X2)                   0.1141    30.9223 r
  U24746/ZN (NAND2_X4)                   0.0879    31.0102 f
  U24743/ZN (INV_X4)                     0.0802    31.0904 r
  U26688/ZN (NAND2_X2)                   0.0781    31.1686 f
  U25722/ZN (INV_X8)                     0.2035    31.3720 r
  U25721/ZN (NAND2_X2)                   0.0862    31.4582 f
  U9899/ZN (NAND2_X1)                    0.1725    31.6307 r
  U11738/ZN (INV_X2)                     0.0648    31.6955 f
  U14705/ZN (AOI21_X2)                   0.1539    31.8494 r
  U32539/ZN (NAND2_X2)                   0.0682    31.9176 f
  U11726/ZN (INV_X1)                     0.1543    32.0720 r
  U10505/ZN (OAI21_X4)                   0.1017    32.1737 f
  U26580/ZN (NAND3_X2)                   0.1323    32.3060 r
  U25526/ZN (NAND2_X4)                   0.1080    32.4140 f
  U25525/ZN (NAND3_X2)                   0.1483    32.5623 r
  U24483/ZN (NAND3_X2)                   0.1192    32.6814 f
  U24482/ZN (XNOR2_X2)                   0.2503    32.9318 f
  U10994/ZN (NOR2_X2)                    0.2066    33.1384 r
  U11595/ZN (INV_X4)                     0.0406    33.1789 f
  U24477/ZN (NAND2_X2)                   0.0852    33.2641 r
  U24476/ZN (NAND2_X2)                   0.0594    33.3236 f
  U26250/ZN (NAND3_X2)                   0.1427    33.4663 r
  U26173/ZN (NAND3_X2)                   0.1332    33.5994 f
  U26172/ZN (NAND3_X1)                   0.1606    33.7600 r
  U26770/ZN (NAND2_X2)                   0.0849    33.8450 f
  U26359/ZN (XNOR2_X2)                   0.2531    34.0981 f
  U26356/ZN (NOR2_X2)                    0.1312    34.2293 r
  U26354/ZN (NAND3_X2)                   0.0996    34.3289 f
  U26353/ZN (NAND2_X4)                   0.2742    34.6031 r
  U11046/ZN (INV_X16)                    0.0583    34.6614 f
  U11045/ZN (INV_X16)                    0.1131    34.7745 r
  U79353/ZN (OAI21_X1)                   0.0863    34.8608 f
  accumulate_real_reg[12]/D (DFF_X1)     0.0000    34.8608 f
  data arrival time                                34.8608

  clock clk (rise edge)                 35.0000    35.0000
  clock network delay (ideal)            0.0000    35.0000
  clock uncertainty                     -0.0500    34.9500
  accumulate_real_reg[12]/CK (DFF_X1)    0.0000    34.9500 r
  library setup time                    -0.3337    34.6163
  data required time                               34.6163
  -----------------------------------------------------------
  data required time                               34.6163
  data arrival time                               -34.8608
  -----------------------------------------------------------
  slack (VIOLATED)                                 -0.2445


1
