 
****************************************
Report : timing
        -path full
        -delay max
        -max_paths 1
Design : MyDesign
Version: T-2022.03-SP4
Date   : Fri Dec  8 14:30:21 2023
****************************************

Operating Conditions: slow   Library: NangateOpenCellLibrary_PDKv1_2_v2008_10_slow_nldm
Wire Load Model Mode: top

  Startpoint: q_gates_sram_read_data[75]
              (input port clocked by clk)
  Endpoint: accumulate_real_reg[3]
            (rising edge-triggered flip-flop clocked by clk)
  Path Group: clk
  Path Type: max

  Point                                    Incr       Path
  -----------------------------------------------------------
  clock clk (rise edge)                  0.0000     0.0000
  clock network delay (ideal)            0.0000     0.0000
  input external delay                   0.6580     0.6580 r
  q_gates_sram_read_data[75] (in)        0.1501     0.8081 r
  U28956/ZN (INV_X4)                     0.1148     0.9229 f
  U20802/ZN (INV_X8)                     0.4286     1.3514 r
  U36734/ZN (XNOR2_X1)                   0.4100     1.7615 r
  U23673/ZN (INV_X1)                     0.1643     1.9258 f
  U19122/ZN (INV_X2)                     0.6096     2.5354 r
  U36737/ZN (NAND2_X4)                   0.4393     2.9747 f
  U48550/ZN (OAI22_X1)                   0.6732     3.6479 r
  U48778/S (FA_X1)                       0.8990     4.5469 f
  U48867/CO (FA_X1)                      0.6671     5.2141 f
  U49025/CO (FA_X1)                      0.6259     5.8400 f
  U49029/CO (FA_X1)                      0.6750     6.5150 f
  U49027/S (FA_X1)                       0.9292     7.4442 r
  U25380/ZN (XNOR2_X1)                   0.3587     7.8029 r
  U26648/ZN (XNOR2_X1)                   0.3586     8.1615 r
  U18096/ZN (NAND2_X1)                   0.1396     8.3011 f
  U9864/ZN (OAI21_X2)                    0.2198     8.5209 r
  U25082/ZN (NAND2_X1)                   0.0900     8.6109 f
  U12386/ZN (NAND2_X1)                   0.1657     8.7766 r
  U49655/ZN (NAND2_X1)                   0.0875     8.8641 f
  U17832/ZN (NAND2_X1)                   0.1948     9.0589 r
  U27209/ZN (INV_X2)                     0.1426     9.2015 f
  U53427/ZN (OAI21_X1)                   0.2079     9.4093 r
  U17769/ZN (INV_X1)                     0.0770     9.4864 f
  U10901/ZN (NAND2_X2)                   0.1364     9.6228 r
  U10900/ZN (XNOR2_X2)                   0.3036     9.9264 r
  U12354/ZN (INV_X1)                     0.1143    10.0407 f
  U54147/ZN (NAND2_X1)                   0.1150    10.1557 r
  U26458/ZN (NAND3_X1)                   0.1115    10.2672 f
  U27501/ZN (NOR2_X1)                    0.2577    10.5249 r
  U54338/ZN (NAND2_X1)                   0.1021    10.6270 f
  U26659/ZN (NAND4_X1)                   0.2936    10.9207 r
  U17340/ZN (INV_X1)                     0.0726    10.9933 f
  U12235/ZN (OR2_X1)                     0.2196    11.2129 f
  U10399/ZN (NAND3_X2)                   0.1992    11.4121 r
  U10582/ZN (NAND4_X2)                   0.1421    11.5542 f
  U10581/ZN (NOR2_X4)                    0.1202    11.6744 r
  U16727/ZN (AND2_X1)                    0.1674    11.8418 r
  U16716/ZN (NAND2_X1)                   0.0838    11.9257 f
  U16710/ZN (NOR2_X1)                    0.1737    12.0994 r
  U16699/ZN (NAND2_X1)                   0.1100    12.2094 f
  U16696/ZN (INV_X2)                     0.0943    12.3038 r
  U12115/ZN (NAND2_X2)                   0.0721    12.3759 f
  U16676/ZN (NOR2_X1)                    0.2168    12.5927 r
  U16668/ZN (NAND2_X1)                   0.1198    12.7124 f
  U55510/ZN (NOR2_X1)                    0.2352    12.9476 r
  U16633/ZN (AND2_X1)                    0.2596    13.2072 r
  U55511/ZN (NAND2_X1)                   0.1059    13.3131 f
  U10598/ZN (XNOR2_X2)                   0.2578    13.5709 f
  U10597/ZN (NAND2_X2)                   0.0882    13.6591 r
  U16413/ZN (NAND2_X1)                   0.1187    13.7778 f
  U16366/ZN (NOR2_X1)                    0.2889    14.0667 r
  U16307/ZN (NAND4_X1)                   0.1713    14.2380 f
  U9836/ZN (NOR2_X1)                     0.2505    14.4885 r
  U12000/ZN (NAND4_X2)                   0.1405    14.6290 f
  U10799/ZN (NAND2_X4)                   0.1500    14.7790 r
  U63592/ZN (NAND2_X1)                   0.0830    14.8620 f
  U16265/ZN (NAND2_X1)                   0.1316    14.9935 r
  U16259/ZN (XNOR2_X1)                   0.3810    15.3745 r
  U10626/ZN (NAND2_X2)                   0.1077    15.4823 f
  U19782/ZN (AOI21_X4)                   0.2973    15.7796 r
  U11964/ZN (INV_X4)                     0.1093    15.8889 f
  U10755/ZN (NAND2_X1)                   0.2466    16.1355 r
  U10754/ZN (INV_X8)                     0.1458    16.2813 f
  U63604/ZN (NAND2_X1)                   0.1282    16.4095 r
  U16157/ZN (AND4_X1)                    0.3436    16.7531 r
  U24153/ZN (INV_X1)                     0.0613    16.8144 f
  U16041/ZN (NAND2_X1)                   0.1272    16.9416 r
  U20449/ZN (NAND4_X2)                   0.1614    17.1031 f
  U15943/ZN (AND2_X1)                    0.1743    17.2774 f
  U64276/ZN (NOR3_X1)                    0.3549    17.6323 r
  U20962/ZN (OAI22_X1)                   0.1960    17.8283 f
  U15807/ZN (NAND2_X1)                   0.1567    17.9850 r
  U11802/ZN (OAI21_X1)                   0.1462    18.1312 f
  U9370/ZN (AOI21_X1)                    0.2790    18.4102 r
  U11742/ZN (OAI21_X1)                   0.1676    18.5778 f
  U15482/ZN (NAND2_X1)                   0.1419    18.7197 r
  U27497/ZN (AND3_X2)                    0.2832    19.0029 r
  U24090/ZN (NAND3_X4)                   0.1851    19.1880 f
  U10633/ZN (AOI21_X4)                   0.2533    19.4413 r
  U10632/ZN (INV_X16)                    0.1041    19.5454 f
  U64805/ZN (AOI21_X1)                   0.2340    19.7794 r
  U15231/ZN (XNOR2_X1)                   0.4662    20.2456 r
  U21463/ZN (XNOR2_X1)                   0.4386    20.6842 r
  U20330/ZN (NOR2_X2)                    0.0939    20.7781 f
  U9431/ZN (NAND2_X1)                    0.2037    20.9818 r
  U24101/ZN (NOR2_X2)                    0.0914    21.0732 f
  U24100/ZN (NAND2_X2)                   0.1316    21.2048 r
  U23912/ZN (NOR2_X2)                    0.0709    21.2757 f
  U27644/ZN (AND2_X4)                    0.3072    21.5829 f
  U20767/ZN (OR2_X4)                     0.4138    21.9967 f
  U15063/ZN (INV_X4)                     0.2149    22.2116 r
  U10498/ZN (OAI21_X1)                   0.1413    22.3528 f
  U20368/ZN (NAND2_X2)                   0.1454    22.4983 r
  U20367/ZN (NOR2_X2)                    0.0685    22.5667 f
  U14815/ZN (INV_X2)                     0.0733    22.6400 r
  U20733/ZN (NAND2_X2)                   0.0463    22.6863 f
  U9487/ZN (INV_X1)                      0.1884    22.8747 r
  U14713/ZN (NOR2_X1)                    0.0847    22.9594 f
  U14698/ZN (AND2_X2)                    0.2162    23.1756 f
  U19739/ZN (NAND2_X2)                   0.1158    23.2914 r
  U9518/ZN (NAND2_X1)                    0.0773    23.3686 f
  U14633/ZN (OAI21_X1)                   0.2311    23.5997 r
  U14620/ZN (NAND2_X2)                   0.1355    23.7352 f
  U14617/ZN (INV_X4)                     0.2095    23.9447 r
  U20185/ZN (INV_X8)                     0.1256    24.0702 f
  U14545/ZN (NAND2_X2)                   0.2385    24.3088 r
  U14531/ZN (INV_X4)                     0.1322    24.4409 f
  U19929/ZN (AOI22_X1)                   0.4534    24.8943 r
  U19928/ZN (OAI21_X1)                   0.2121    25.1064 f
  U69138/ZN (NAND2_X1)                   0.1705    25.2769 r
  U14385/ZN (NAND4_X1)                   0.1685    25.4454 f
  U14361/ZN (INV_X1)                     0.0962    25.5416 r
  U14339/ZN (NAND2_X1)                   0.0573    25.5989 f
  U11471/ZN (NAND3_X1)                   0.2066    25.8055 r
  U11468/ZN (INV_X1)                     0.0884    25.8939 f
  U69858/ZN (NAND2_X1)                   0.1067    26.0006 r
  U11452/ZN (NAND3_X1)                   0.1344    26.1350 f
  U11448/ZN (AND4_X1)                    0.3951    26.5301 f
  U14146/ZN (NAND4_X1)                   0.2102    26.7403 r
  U14141/ZN (NOR2_X1)                    0.0922    26.8326 f
  U14131/ZN (NAND3_X1)                   0.1533    26.9858 r
  U24006/ZN (NOR2_X2)                    0.0857    27.0715 f
  U11387/ZN (NAND2_X2)                   0.1809    27.2524 r
  U14085/ZN (INV_X4)                     0.0774    27.3298 f
  U20079/ZN (AOI21_X2)                   0.1607    27.4904 r
  U14034/ZN (XNOR2_X1)                   0.3486    27.8390 r
  U22847/ZN (NOR2_X1)                    0.0950    27.9340 f
  U13961/ZN (NAND4_X1)                   0.3173    28.2513 r
  U9522/ZN (AOI21_X1)                    0.1394    28.3907 f
  U13872/ZN (AND3_X2)                    0.2186    28.6093 f
  U20398/ZN (NAND2_X2)                   0.1428    28.7521 r
  U20439/ZN (NAND2_X2)                   0.0758    28.8279 f
  U13828/ZN (NAND2_X2)                   0.1404    28.9684 r
  U21105/ZN (AOI21_X2)                   0.1065    29.0749 f
  U13822/ZN (INV_X4)                     0.0841    29.1590 r
  U19813/ZN (NAND2_X2)                   0.0469    29.2059 f
  U19758/ZN (NAND2_X2)                   0.1817    29.3876 r
  U19757/ZN (INV_X4)                     0.0709    29.4585 f
  U11304/ZN (NAND2_X1)                   0.1292    29.5876 r
  U13759/ZN (NAND2_X2)                   0.1249    29.7125 f
  U13752/ZN (INV_X2)                     0.1290    29.8416 r
  U11284/ZN (NAND2_X2)                   0.0848    29.9263 f
  U70476/ZN (INV_X8)                     0.2115    30.1378 r
  U70758/ZN (NAND2_X1)                   0.0899    30.2277 f
  U13648/ZN (AND2_X1)                    0.1672    30.3949 f
  U9474/ZN (NAND3_X1)                    0.1914    30.5862 r
  U10287/ZN (INV_X4)                     0.0506    30.6368 f
  U70889/ZN (OAI22_X1)                   0.3698    31.0066 r
  U10321/ZN (OR2_X4)                     0.2185    31.2252 r
  U70891/ZN (NAND2_X1)                   0.0518    31.2770 f
  U13464/ZN (AND3_X2)                    0.3230    31.5999 f
  U19927/ZN (INV_X1)                     0.0863    31.6863 r
  U70908/ZN (NAND2_X1)                   0.0565    31.7427 f
  U70909/ZN (AND2_X1)                    0.2174    31.9601 f
  U19951/ZN (NOR2_X2)                    0.2176    32.1778 r
  U20455/ZN (NAND2_X2)                   0.0880    32.2658 f
  U11129/ZN (INV_X1)                     0.0974    32.3632 r
  U20004/ZN (NAND2_X2)                   0.0730    32.4362 f
  U9866/ZN (OAI21_X4)                    0.2022    32.6384 r
  U9865/ZN (NAND2_X2)                    0.0716    32.7100 f
  U19804/ZN (NAND2_X2)                   0.1135    32.8235 r
  U11100/ZN (NAND2_X1)                   0.0831    32.9066 f
  U13264/ZN (OAI21_X2)                   0.1941    33.1007 r
  U19838/ZN (NAND2_X2)                   0.1322    33.2329 f
  U19946/ZN (NAND3_X4)                   0.1712    33.4041 r
  U11080/ZN (INV_X8)                     0.0573    33.4614 f
  U19799/ZN (NAND2_X2)                   0.1182    33.5796 r
  U19794/ZN (NAND2_X4)                   0.1087    33.6884 f
  U19882/ZN (NAND2_X4)                   0.4019    34.0903 r
  U71554/ZN (NOR2_X1)                    0.1255    34.2158 f
  U20704/ZN (NOR2_X2)                    0.1491    34.3649 r
  U20703/ZN (NAND3_X2)                   0.1003    34.4653 f
  U20577/ZN (NAND2_X2)                   0.0983    34.5636 r
  U20574/ZN (NAND2_X2)                   0.0580    34.6216 f
  U13132/ZN (INV_X2)                     0.0665    34.6881 r
  U9831/ZN (NAND2_X1)                    0.0623    34.7503 f
  U20543/ZN (NAND2_X1)                   0.1343    34.8847 r
  U23830/ZN (NOR2_X2)                    0.0785    34.9631 f
  U23829/ZN (NOR2_X2)                    0.1705    35.1336 r
  U19812/ZN (NAND2_X2)                   0.0815    35.2151 f
  U19762/ZN (NOR2_X2)                    0.1604    35.3754 r
  U19761/ZN (NAND2_X2)                   0.0920    35.4675 f
  U11005/ZN (INV_X1)                     0.0900    35.5574 r
  U13019/ZN (NAND2_X1)                   0.0641    35.6215 f
  U20664/ZN (NAND2_X2)                   0.0866    35.7082 r
  U20663/ZN (NAND2_X2)                   0.0591    35.7673 f
  U20662/ZN (NAND2_X2)                   0.1138    35.8811 r
  U19733/ZN (XNOR2_X2)                   0.2978    36.1788 r
  U19732/ZN (NAND2_X2)                   0.0950    36.2738 f
  U12930/ZN (OAI21_X2)                   0.2638    36.5376 r
  U20676/ZN (AOI21_X1)                   0.1367    36.6743 f
  U20360/ZN (NAND2_X2)                   0.1604    36.8347 r
  U20359/ZN (XNOR2_X2)                   0.2775    37.1122 r
  U12905/ZN (INV_X2)                     0.0569    37.1691 f
  U20335/ZN (NAND4_X2)                   0.2825    37.4516 r
  U19745/ZN (NAND2_X2)                   0.0960    37.5476 f
  U10265/ZN (NAND2_X4)                   0.1176    37.6652 r
  U10264/ZN (NAND2_X4)                   0.0757    37.7409 f
  U10922/ZN (INV_X8)                     0.0832    37.8242 r
  U10921/ZN (INV_X16)                    0.0566    37.8808 f
  U76679/ZN (OAI21_X1)                   0.2173    38.0980 r
  accumulate_real_reg[3]/D (DFF_X1)      0.0000    38.0980 r
  data arrival time                                38.0980

  clock clk (rise edge)                 38.0000    38.0000
  clock network delay (ideal)            0.0000    38.0000
  clock uncertainty                     -0.0500    37.9500
  accumulate_real_reg[3]/CK (DFF_X1)     0.0000    37.9500 r
  library setup time                    -0.2409    37.7091
  data required time                               37.7091
  -----------------------------------------------------------
  data required time                               37.7091
  data arrival time                               -38.0980
  -----------------------------------------------------------
  slack (VIOLATED)                                 -0.3890


1
