Information: Updating design information... (UID-85)
 
****************************************
Report : timing
        -path full
        -delay max
        -max_paths 1
Design : MyDesign
Version: T-2022.03-SP4
Date   : Fri Dec  8 14:29:25 2023
****************************************

Operating Conditions: slow   Library: NangateOpenCellLibrary_PDKv1_2_v2008_10_slow_nldm
Wire Load Model Mode: top

  Startpoint: q_gates_sram_read_data[47]
              (input port clocked by clk)
  Endpoint: accumulate_real_reg[3]
            (rising edge-triggered flip-flop clocked by clk)
  Path Group: clk
  Path Type: max

  Point                                    Incr       Path
  -----------------------------------------------------------
  clock clk (rise edge)                  0.0000     0.0000
  clock network delay (ideal)            0.0000     0.0000
  input external delay                   0.6580     0.6580 r
  q_gates_sram_read_data[47] (in)        0.2150     0.8730 r
  U28831/ZN (NOR2_X1)                    0.1412     1.0142 f
  U19191/ZN (AND4_X1)                    0.4127     1.4270 f
  U21845/ZN (AND3_X1)                    0.2104     1.6373 f
  U20622/ZN (NAND4_X2)                   0.3274     1.9647 r
  U10888/ZN (NAND2_X4)                   0.1647     2.1294 f
  U10924/ZN (XNOR2_X2)                   0.2684     2.3978 f
  U19094/ZN (NAND2_X1)                   0.2660     2.6638 r
  U10456/ZN (INV_X4)                     0.1114     2.7752 f
  U58227/ZN (INV_X4)                     0.2486     3.0238 r
  U59199/ZN (OAI22_X1)                   0.2301     3.2538 f
  U59258/CO (FA_X1)                      0.5204     3.7743 f
  U59273/CO (FA_X1)                      0.5172     4.2915 f
  U59371/S (FA_X1)                       0.8374     5.1289 r
  U59367/S (FA_X1)                       0.7778     5.9067 f
  U59382/S (FA_X1)                       0.8500     6.7568 r
  U25712/ZN (XNOR2_X1)                   0.3384     7.0952 r
  U25711/ZN (XNOR2_X1)                   0.3858     7.4811 r
  U59323/ZN (XNOR2_X1)                   0.3951     7.8761 r
  U12442/ZN (OR2_X1)                     0.2394     8.1156 r
  U25491/ZN (NAND2_X1)                   0.1148     8.2303 f
  U17868/ZN (NOR2_X1)                    0.2352     8.4656 r
  U59445/ZN (NAND2_X1)                   0.1001     8.5656 f
  U19792/ZN (INV_X1)                     0.0880     8.6536 r
  U17814/ZN (NAND2_X1)                   0.0578     8.7115 f
  U17800/ZN (AND3_X4)                    0.2438     8.9552 f
  U12379/ZN (INV_X8)                     0.1874     9.1426 r
  U60056/ZN (AOI21_X1)                   0.1070     9.2496 f
  U60057/ZN (OAI21_X1)                   0.2797     9.5293 r
  U10618/ZN (XNOR2_X2)                   0.3912     9.9205 r
  U61841/ZN (NAND2_X1)                   0.1034    10.0239 f
  U61843/ZN (AND2_X1)                    0.2215    10.2453 f
  U17291/ZN (NAND3_X1)                   0.1872    10.4326 r
  U62463/ZN (NAND2_X1)                   0.1002    10.5328 f
  U17178/ZN (NAND4_X1)                   0.3380    10.8708 r
  U62530/ZN (NAND2_X1)                   0.1190    10.9897 f
  U20617/ZN (NAND4_X2)                   0.3640    11.3537 r
  U9844/ZN (OAI211_X1)                   0.2109    11.5646 f
  U16751/ZN (INV_X1)                     0.1373    11.7018 r
  U16729/ZN (NOR2_X1)                    0.0896    11.7915 f
  U10076/ZN (OAI21_X4)                   0.2633    12.0548 r
  U19770/ZN (NAND2_X2)                   0.1208    12.1756 f
  U63253/ZN (INV_X4)                     0.2334    12.4090 r
  U63391/ZN (NAND2_X1)                   0.1153    12.5243 f
  U63392/Z (XOR2_X1)                     0.3790    12.9033 f
  U63400/ZN (NAND2_X1)                   0.1402    13.0434 r
  U10386/ZN (NAND2_X2)                   0.1084    13.1518 f
  U10385/ZN (NOR2_X2)                    0.1517    13.3035 r
  U23275/ZN (NAND2_X1)                   0.0802    13.3837 f
  U16352/ZN (NOR3_X1)                    0.3757    13.7593 r
  U24156/ZN (NAND3_X2)                   0.1278    13.8872 f
  U16309/ZN (INV_X1)                     0.1895    14.0767 r
  U10440/ZN (NOR2_X4)                    0.0759    14.1525 f
  U10438/ZN (NOR2_X1)                    0.2725    14.4250 r
  U16284/ZN (INV_X1)                     0.0923    14.5173 f
  U11987/ZN (NAND3_X1)                   0.2421    14.7594 r
  U10108/ZN (NAND2_X2)                   0.1091    14.8684 f
  U63614/ZN (AOI21_X1)                   0.2324    15.1008 r
  U63619/ZN (XNOR2_X1)                   0.3404    15.4412 r
  U11974/ZN (INV_X1)                     0.0810    15.5222 f
  U20141/ZN (NAND2_X2)                   0.1275    15.6497 r
  U20140/ZN (NAND2_X4)                   0.1250    15.7748 f
  U8900/ZN (INV_X4)                      0.2764    16.0512 r
  U23942/ZN (NAND3_X2)                   0.1938    16.2450 f
  U9312/ZN (INV_X1)                      0.6015    16.8465 r
  U64690/ZN (NAND2_X1)                   0.1647    17.0112 f
  U64693/ZN (NAND3_X1)                   0.1986    17.2098 r
  U24717/ZN (XNOR2_X1)                   0.3947    17.6045 r
  U26724/ZN (NAND2_X1)                   0.1526    17.7571 f
  U11778/ZN (OR2_X1)                     0.2939    18.0510 f
  U15492/ZN (NAND2_X1)                   0.1449    18.1959 r
  U15476/ZN (NAND2_X1)                   0.1013    18.2973 f
  U15456/ZN (NAND2_X1)                   0.1790    18.4763 r
  U15396/ZN (NAND2_X1)                   0.1092    18.5855 f
  U15380/ZN (NAND3_X1)                   0.1838    18.7693 r
  U15364/ZN (NAND2_X1)                   0.1113    18.8806 f
  U15345/ZN (NAND2_X2)                   0.1548    19.0353 r
  U20022/ZN (INV_X4)                     0.0907    19.1260 f
  U65122/ZN (OAI21_X1)                   0.1962    19.3223 r
  U65123/ZN (AOI21_X1)                   0.1461    19.4683 f
  U15229/ZN (XNOR2_X1)                   0.3975    19.8658 r
  U15212/ZN (XNOR2_X1)                   0.4302    20.2961 r
  U19736/ZN (NOR2_X2)                    0.1241    20.4202 f
  U20036/ZN (NAND4_X2)                   0.2368    20.6570 r
  U15130/ZN (INV_X2)                     0.0649    20.7219 f
  U15101/ZN (NAND2_X2)                   0.1021    20.8240 r
  U23912/ZN (NOR2_X2)                    0.0605    20.8845 f
  U27644/ZN (AND2_X4)                    0.3072    21.1918 f
  U20767/ZN (OR2_X4)                     0.4138    21.6056 f
  U15063/ZN (INV_X4)                     0.2149    21.8205 r
  U10498/ZN (OAI21_X1)                   0.1413    21.9617 f
  U20368/ZN (NAND2_X2)                   0.1454    22.1071 r
  U20367/ZN (NOR2_X2)                    0.0685    22.1756 f
  U14815/ZN (INV_X2)                     0.0733    22.2489 r
  U20733/ZN (NAND2_X2)                   0.0463    22.2952 f
  U9487/ZN (INV_X1)                      0.1884    22.4836 r
  U14713/ZN (NOR2_X1)                    0.0847    22.5683 f
  U14698/ZN (AND2_X2)                    0.2162    22.7845 f
  U19739/ZN (NAND2_X2)                   0.1158    22.9002 r
  U9518/ZN (NAND2_X1)                    0.0773    22.9775 f
  U14633/ZN (OAI21_X1)                   0.2311    23.2086 r
  U14620/ZN (NAND2_X2)                   0.1355    23.3441 f
  U14617/ZN (INV_X4)                     0.2095    23.5536 r
  U20185/ZN (INV_X8)                     0.1256    23.6791 f
  U14545/ZN (NAND2_X2)                   0.2385    23.9176 r
  U14531/ZN (INV_X4)                     0.1322    24.0498 f
  U19929/ZN (AOI22_X1)                   0.4534    24.5032 r
  U19928/ZN (OAI21_X1)                   0.2121    24.7153 f
  U69138/ZN (NAND2_X1)                   0.1705    24.8858 r
  U14385/ZN (NAND4_X1)                   0.1685    25.0543 f
  U14361/ZN (INV_X1)                     0.0962    25.1505 r
  U14339/ZN (NAND2_X1)                   0.0573    25.2078 f
  U11471/ZN (NAND3_X1)                   0.2066    25.4144 r
  U11468/ZN (INV_X1)                     0.0884    25.5028 f
  U69858/ZN (NAND2_X1)                   0.1067    25.6095 r
  U11452/ZN (NAND3_X1)                   0.1344    25.7439 f
  U11448/ZN (AND4_X1)                    0.3951    26.1390 f
  U14146/ZN (NAND4_X1)                   0.2102    26.3492 r
  U14141/ZN (NOR2_X1)                    0.0922    26.4414 f
  U14131/ZN (NAND3_X1)                   0.1533    26.5947 r
  U24006/ZN (NOR2_X2)                    0.0857    26.6804 f
  U11387/ZN (NAND2_X2)                   0.1809    26.8613 r
  U14085/ZN (INV_X4)                     0.0774    26.9386 f
  U20079/ZN (AOI21_X2)                   0.1607    27.0993 r
  U14034/ZN (XNOR2_X1)                   0.3486    27.4479 r
  U22847/ZN (NOR2_X1)                    0.0950    27.5429 f
  U13961/ZN (NAND4_X1)                   0.3173    27.8602 r
  U9522/ZN (AOI21_X1)                    0.1394    27.9996 f
  U13872/ZN (AND3_X2)                    0.2186    28.2182 f
  U20398/ZN (NAND2_X2)                   0.1428    28.3610 r
  U20439/ZN (NAND2_X2)                   0.0758    28.4368 f
  U13828/ZN (NAND2_X2)                   0.1404    28.5772 r
  U21105/ZN (AOI21_X2)                   0.1065    28.6838 f
  U13822/ZN (INV_X4)                     0.0841    28.7678 r
  U19813/ZN (NAND2_X2)                   0.0469    28.8148 f
  U19758/ZN (NAND2_X2)                   0.1817    28.9965 r
  U19757/ZN (INV_X4)                     0.0709    29.0674 f
  U11304/ZN (NAND2_X1)                   0.1292    29.1965 r
  U13759/ZN (NAND2_X2)                   0.1249    29.3214 f
  U13752/ZN (INV_X2)                     0.1290    29.4504 r
  U11284/ZN (NAND2_X2)                   0.0848    29.5352 f
  U70476/ZN (INV_X8)                     0.2115    29.7467 r
  U70758/ZN (NAND2_X1)                   0.0899    29.8366 f
  U13648/ZN (AND2_X1)                    0.1672    30.0038 f
  U9474/ZN (NAND3_X1)                    0.1914    30.1951 r
  U10287/ZN (INV_X4)                     0.0506    30.2457 f
  U70889/ZN (OAI22_X1)                   0.3698    30.6155 r
  U10321/ZN (OR2_X4)                     0.2185    30.8340 r
  U70891/ZN (NAND2_X1)                   0.0518    30.8859 f
  U13464/ZN (AND3_X2)                    0.3230    31.2088 f
  U19927/ZN (INV_X1)                     0.0863    31.2952 r
  U70908/ZN (NAND2_X1)                   0.0565    31.3516 f
  U70909/ZN (AND2_X1)                    0.2174    31.5690 f
  U19951/ZN (NOR2_X2)                    0.2176    31.7866 r
  U20455/ZN (NAND2_X2)                   0.0880    31.8747 f
  U11129/ZN (INV_X1)                     0.0974    31.9721 r
  U20004/ZN (NAND2_X2)                   0.0730    32.0451 f
  U9866/ZN (OAI21_X4)                    0.2022    32.2473 r
  U9865/ZN (NAND2_X2)                    0.0716    32.3189 f
  U19804/ZN (NAND2_X2)                   0.1135    32.4324 r
  U11100/ZN (NAND2_X1)                   0.0831    32.5155 f
  U13264/ZN (OAI21_X2)                   0.1941    32.7096 r
  U19838/ZN (NAND2_X2)                   0.1322    32.8418 f
  U19946/ZN (NAND3_X4)                   0.1712    33.0130 r
  U11080/ZN (INV_X8)                     0.0573    33.0703 f
  U19799/ZN (NAND2_X2)                   0.1182    33.1885 r
  U19794/ZN (NAND2_X4)                   0.1087    33.2973 f
  U19882/ZN (NAND2_X4)                   0.4019    33.6992 r
  U71554/ZN (NOR2_X1)                    0.1255    33.8247 f
  U20704/ZN (NOR2_X2)                    0.1491    33.9738 r
  U20703/ZN (NAND3_X2)                   0.1003    34.0742 f
  U20577/ZN (NAND2_X2)                   0.0983    34.1725 r
  U20574/ZN (NAND2_X2)                   0.0580    34.2305 f
  U13132/ZN (INV_X2)                     0.0665    34.2970 r
  U9831/ZN (NAND2_X1)                    0.0623    34.3592 f
  U20543/ZN (NAND2_X1)                   0.1343    34.4935 r
  U23830/ZN (NOR2_X2)                    0.0785    34.5720 f
  U23829/ZN (NOR2_X2)                    0.1705    34.7425 r
  U19812/ZN (NAND2_X2)                   0.0815    34.8239 f
  U19762/ZN (NOR2_X2)                    0.1604    34.9843 r
  U19761/ZN (NAND2_X2)                   0.0920    35.0763 f
  U11005/ZN (INV_X1)                     0.0900    35.1663 r
  U13019/ZN (NAND2_X1)                   0.0641    35.2304 f
  U20664/ZN (NAND2_X2)                   0.0866    35.3170 r
  U20663/ZN (NAND2_X2)                   0.0591    35.3762 f
  U20662/ZN (NAND2_X2)                   0.1138    35.4900 r
  U19733/ZN (XNOR2_X2)                   0.2978    35.7877 r
  U19732/ZN (NAND2_X2)                   0.0950    35.8827 f
  U12930/ZN (OAI21_X2)                   0.2638    36.1465 r
  U20676/ZN (AOI21_X1)                   0.1367    36.2832 f
  U20360/ZN (NAND2_X2)                   0.1604    36.4436 r
  U20359/ZN (XNOR2_X2)                   0.2775    36.7211 r
  U12905/ZN (INV_X2)                     0.0569    36.7780 f
  U20335/ZN (NAND4_X2)                   0.2825    37.0605 r
  U19745/ZN (NAND2_X2)                   0.0960    37.1565 f
  U10265/ZN (NAND2_X4)                   0.1176    37.2741 r
  U10264/ZN (NAND2_X4)                   0.0757    37.3498 f
  U10922/ZN (INV_X8)                     0.0832    37.4331 r
  U10921/ZN (INV_X16)                    0.0566    37.4897 f
  U76679/ZN (OAI21_X1)                   0.2173    37.7069 r
  accumulate_real_reg[3]/D (DFF_X1)      0.0000    37.7069 r
  data arrival time                                37.7069

  clock clk (rise edge)                 38.0000    38.0000
  clock network delay (ideal)            0.0000    38.0000
  clock uncertainty                     -0.0500    37.9500
  accumulate_real_reg[3]/CK (DFF_X1)     0.0000    37.9500 r
  library setup time                    -0.2409    37.7091
  data required time                               37.7091
  -----------------------------------------------------------
  data required time                               37.7091
  data arrival time                               -37.7069
  -----------------------------------------------------------
  slack (MET)                                       0.0022


1
