Information: Updating design information... (UID-85)
 
****************************************
Report : timing
        -path full
        -delay max
        -max_paths 1
Design : MyDesign
Version: T-2022.03-SP4
Date   : Wed Dec  6 13:34:25 2023
****************************************

Operating Conditions: slow   Library: NangateOpenCellLibrary_PDKv1_2_v2008_10_slow_nldm
Wire Load Model Mode: top

  Startpoint: current_state_reg[4]
              (rising edge-triggered flip-flop clocked by clk)
  Endpoint: accumulate_real_reg[1]
            (rising edge-triggered flip-flop clocked by clk)
  Path Group: clk
  Path Type: max

  Point                                    Incr       Path
  -----------------------------------------------------------
  clock clk (rise edge)                  0.0000     0.0000
  clock network delay (ideal)            0.0000     0.0000
  current_state_reg[4]/CK (DFF_X2)       0.0000     0.0000 r
  current_state_reg[4]/Q (DFF_X2)        0.6651     0.6651 f
  U10331/ZN (NOR2_X4)                    0.2170     0.8822 r
  U19545/ZN (NAND2_X2)                   0.1035     0.9857 f
  U22453/ZN (INV_X4)                     0.0900     1.0757 r
  U9260/ZN (NAND2_X1)                    0.0644     1.1401 f
  U19204/ZN (NAND3_X2)                   0.1565     1.2966 r
  U19203/ZN (INV_X4)                     0.0534     1.3500 f
  U19202/ZN (NAND2_X4)                   0.2104     1.5604 r
  U10182/ZN (INV_X16)                    0.0694     1.6298 f
  U10285/ZN (INV_X32)                    0.1031     1.7329 r
  U10288/ZN (INV_X32)                    0.0668     1.7997 f
  U19624/Z (MUX2_X2)                     0.6659     2.4656 r
  U10200/ZN (INV_X16)                    0.0524     2.5179 f
  U8978/ZN (INV_X8)                      0.3219     2.8398 r
  U47944/ZN (XNOR2_X1)                   0.3997     3.2395 r
  U10421/ZN (OAI22_X2)                   0.1986     3.4381 f
  U47982/CO (FA_X1)                      0.6672     4.1053 f
  U48096/CO (FA_X1)                      0.6507     4.7560 f
  U48134/S (FA_X1)                       0.7144     5.4704 f
  U48155/S (FA_X1)                       0.9008     6.3713 f
  U48163/CO (FA_X1)                      0.5960     6.9672 f
  U48156/ZN (XNOR2_X1)                   0.2897     7.2570 f
  U48157/ZN (XNOR2_X1)                   0.3171     7.5741 f
  U48164/ZN (NOR2_X1)                    0.2080     7.7820 r
  U20757/ZN (INV_X1)                     0.0781     7.8602 f
  U24656/ZN (NAND2_X1)                   0.1675     8.0277 r
  U20705/ZN (INV_X1)                     0.0588     8.0865 f
  U17430/ZN (AOI21_X1)                   0.2771     8.3635 r
  U12030/ZN (NAND2_X2)                   0.1700     8.5336 f
  U17308/ZN (NAND3_X1)                   0.1387     8.6723 r
  U17294/ZN (NAND3_X1)                   0.1061     8.7783 f
  U17204/ZN (NAND2_X1)                   0.1380     8.9163 r
  U10316/ZN (NAND3_X2)                   0.1096     9.0259 f
  U17003/ZN (NAND2_X2)                   0.1957     9.2216 r
  U19457/ZN (NAND3_X4)                   0.2053     9.4269 f
  U52823/ZN (AOI21_X1)                   0.2918     9.7187 r
  U16827/ZN (XNOR2_X2)                   0.4147    10.1334 r
  U53010/ZN (NAND2_X1)                   0.1069    10.2403 f
  U9575/ZN (NAND4_X1)                    0.4225    10.6629 r
  U10060/ZN (NAND2_X2)                   0.0775    10.7403 f
  U16449/ZN (NAND4_X1)                   0.3696    11.1099 r
  U53326/ZN (NAND2_X1)                   0.1087    11.2186 f
  U15909/ZN (NAND4_X1)                   0.2140    11.4326 r
  U24083/ZN (NAND2_X1)                   0.1193    11.5519 f
  U25031/ZN (NOR2_X1)                    0.1611    11.7130 r
  U15783/ZN (AND2_X1)                    0.2737    11.9867 r
  U15768/ZN (AND2_X4)                    0.2406    12.2272 r
  U10483/ZN (AND3_X4)                    0.2128    12.4400 r
  U19250/ZN (NAND4_X1)                   0.1209    12.5609 f
  U19249/ZN (NAND2_X2)                   0.1124    12.6733 r
  U19248/ZN (NOR2_X2)                    0.0553    12.7286 f
  U15670/ZN (NOR2_X2)                    0.1552    12.8838 r
  U19572/ZN (NAND2_X2)                   0.0732    12.9570 f
  U26326/ZN (AND3_X4)                    0.2640    13.2210 f
  U22525/ZN (NAND2_X2)                   0.1256    13.3466 r
  U19269/ZN (NAND2_X2)                   0.0843    13.4309 f
  U19267/ZN (INV_X4)                     0.1062    13.5371 r
  U24813/ZN (AND3_X2)                    0.2777    13.8149 r
  U15449/ZN (INV_X2)                     0.0696    13.8844 f
  U15395/ZN (AND3_X2)                    0.2507    14.1351 f
  U19262/ZN (NAND3_X2)                   0.2819    14.4170 r
  U10263/ZN (NOR2_X4)                    0.1182    14.5352 f
  U19338/ZN (NOR2_X2)                    0.1905    14.7258 r
  U15338/ZN (NOR2_X1)                    0.0795    14.8052 f
  U62698/ZN (NAND2_X1)                   0.1474    14.9526 r
  U62700/ZN (NAND2_X1)                   0.1200    15.0726 f
  U62716/ZN (AOI21_X1)                   0.2393    15.3119 r
  U62717/Z (XOR2_X1)                     0.4305    15.7425 r
  U62718/ZN (NAND2_X1)                   0.1307    15.8732 f
  U22712/ZN (NAND3_X2)                   0.2466    16.1198 r
  U15288/ZN (INV_X4)                     0.1204    16.2401 f
  U19156/ZN (NOR2_X2)                    0.3068    16.5469 r
  U15197/ZN (INV_X2)                     0.1251    16.6720 f
  U19316/ZN (NOR2_X4)                    0.3198    16.9919 r
  U9493/ZN (INV_X1)                      0.1959    17.1878 f
  U63296/ZN (OAI22_X1)                   0.3880    17.5758 r
  U22539/ZN (INV_X1)                     0.0801    17.6558 f
  U14910/ZN (NAND3_X1)                   0.2315    17.8874 r
  U14898/ZN (NAND2_X1)                   0.1221    18.0095 f
  U14808/ZN (OAI21_X1)                   0.2937    18.3032 r
  U10215/ZN (AOI21_X2)                   0.1364    18.4395 f
  U14593/ZN (NOR2_X1)                    0.1666    18.6061 r
  U14568/ZN (NOR2_X1)                    0.0728    18.6789 f
  U14479/ZN (NAND2_X1)                   0.1674    18.8463 r
  U14459/ZN (NAND3_X1)                   0.0924    18.9387 f
  U14449/ZN (NAND3_X1)                   0.2032    19.1419 r
  U14433/ZN (NAND2_X1)                   0.1185    19.2603 f
  U19183/ZN (NAND3_X2)                   0.1302    19.3906 r
  U14413/ZN (NAND3_X1)                   0.0924    19.4829 f
  U14405/ZN (AND3_X2)                    0.2413    19.7242 f
  U11312/ZN (INV_X8)                     0.1716    19.8958 r
  U14366/ZN (NAND2_X1)                   0.0840    19.9798 f
  U11310/ZN (AND2_X1)                    0.2286    20.2084 f
  U22743/ZN (XNOR2_X2)                   0.2563    20.4647 f
  U14302/ZN (INV_X1)                     0.1150    20.5797 r
  U64353/ZN (XNOR2_X1)                   0.3146    20.8943 r
  U64698/ZN (NOR2_X1)                    0.0915    20.9858 f
  U14263/ZN (NAND2_X1)                   0.1817    21.1675 r
  U14249/ZN (NOR2_X1)                    0.0748    21.2423 f
  U11286/ZN (AND2_X1)                    0.2129    21.4552 f
  U14205/ZN (NAND3_X1)                   0.1841    21.6393 r
  U19174/ZN (NAND2_X2)                   0.1048    21.7441 f
  U19140/ZN (NOR2_X4)                    0.2443    21.9884 r
  U10365/ZN (AND2_X4)                    0.1929    22.1813 r
  U18917/ZN (AOI21_X2)                   0.0597    22.2410 f
  U11259/ZN (NAND2_X2)                   0.1378    22.3788 r
  U18916/ZN (XNOR2_X2)                   0.3062    22.6850 r
  U10335/ZN (XNOR2_X2)                   0.3132    22.9982 r
  U10334/ZN (NOR2_X2)                    0.0805    23.0787 f
  U19333/ZN (OAI21_X2)                   0.2623    23.3410 r
  U11237/ZN (NAND2_X2)                   0.0782    23.4192 f
  U19332/ZN (NAND2_X2)                   0.1226    23.5418 r
  U19331/ZN (INV_X4)                     0.0551    23.5968 f
  U64884/ZN (OAI21_X1)                   0.2710    23.8678 r
  U10359/ZN (XNOR2_X2)                   0.3289    24.1967 r
  U19321/ZN (NOR2_X2)                    0.0901    24.2868 f
  U22484/ZN (NAND3_X2)                   0.1546    24.4414 r
  U18831/ZN (NAND2_X2)                   0.0835    24.5249 f
  U13878/ZN (OAI21_X2)                   0.2093    24.7342 r
  U13875/ZN (INV_X4)                     0.0660    24.8001 f
  U13867/ZN (NAND2_X4)                   0.1662    24.9663 r
  U11204/ZN (INV_X2)                     0.0772    25.0435 f
  U19229/ZN (NAND2_X4)                   0.1991    25.2426 r
  U19228/ZN (INV_X4)                     0.1195    25.3620 f
  U68367/ZN (AND2_X2)                    0.2451    25.6072 f
  U13845/ZN (INV_X2)                     0.1444    25.7516 r
  U68368/ZN (NOR2_X1)                    0.0814    25.8329 f
  U68369/ZN (NOR2_X1)                    0.1957    26.0286 r
  U9718/ZN (NAND3_X1)                    0.1715    26.2001 f
  U69111/ZN (OR4_X1)                     0.6837    26.8838 f
  U69112/ZN (OAI21_X1)                   0.2047    27.0885 r
  U69113/ZN (NAND3_X1)                   0.1441    27.2326 f
  U13518/ZN (OAI21_X2)                   0.2010    27.4336 r
  U18889/ZN (NAND4_X2)                   0.1508    27.5844 f
  U18888/ZN (INV_X4)                     0.0724    27.6568 r
  U13500/ZN (AOI21_X2)                   0.0728    27.7296 f
  U10362/ZN (NAND2_X2)                   0.1076    27.8372 r
  U19235/ZN (INV_X4)                     0.1238    27.9610 f
  U13458/ZN (AOI21_X1)                   0.1909    28.1519 r
  U13441/ZN (NAND2_X1)                   0.1739    28.3258 f
  U70171/ZN (NOR4_X1)                    0.5808    28.9066 r
  U13359/ZN (AND3_X1)                    0.2320    29.1387 r
  U70173/ZN (NAND3_X1)                   0.0680    29.2067 f
  U70177/ZN (NOR2_X1)                    0.1848    29.3915 r
  U10073/ZN (NAND4_X2)                   0.1267    29.5182 f
  U10072/ZN (NAND3_X2)                   0.1380    29.6562 r
  U19126/ZN (NAND2_X2)                   0.0894    29.7456 f
  U13282/ZN (NOR2_X2)                    0.2029    29.9485 r
  U70313/Z (XOR2_X1)                     0.4306    30.3791 r
  U10607/ZN (NAND2_X2)                   0.1196    30.4986 f
  U10606/ZN (OAI21_X4)                   0.2506    30.7493 r
  U9065/ZN (NAND2_X2)                    0.1136    30.8628 f
  U8878/ZN (INV_X4)                      0.3611    31.2239 r
  U70503/ZN (NAND2_X1)                   0.1067    31.3306 f
  U21367/ZN (AND2_X1)                    0.2282    31.5588 f
  U70506/ZN (NAND3_X1)                   0.1844    31.7432 r
  U70634/ZN (NAND2_X1)                   0.1220    31.8652 f
  U13022/ZN (AND4_X1)                    0.4155    32.2807 f
  U70924/ZN (NOR2_X1)                    0.3181    32.5988 r
  U12984/ZN (INV_X1)                     0.1071    32.7060 f
  U10069/ZN (XNOR2_X2)                   0.2502    32.9562 f
  U10068/ZN (AND2_X4)                    0.2057    33.1619 f
  U70943/ZN (INV_X1)                     0.0763    33.2382 r
  U20353/ZN (AND2_X1)                    0.1737    33.4119 r
  U10822/ZN (AND2_X2)                    0.1688    33.5807 r
  U18939/ZN (NAND2_X2)                   0.0672    33.6479 f
  U19462/ZN (NOR2_X2)                    0.1483    33.7961 r
  U9995/ZN (NAND2_X2)                    0.0838    33.8800 f
  U18824/ZN (NAND2_X2)                   0.0929    33.9728 r
  U12730/ZN (INV_X2)                     0.0443    34.0171 f
  U12716/ZN (NAND2_X1)                   0.0939    34.1110 r
  U12709/ZN (AND2_X2)                    0.1827    34.2937 r
  U9870/ZN (NAND2_X1)                    0.0778    34.3715 f
  U10444/ZN (NAND3_X2)                   0.2962    34.6677 r
  U10764/ZN (INV_X4)                     0.0935    34.7612 f
  U19021/ZN (NAND2_X2)                   0.1350    34.8962 r
  U19081/ZN (NAND2_X4)                   0.1061    35.0023 f
  U10757/ZN (INV_X4)                     0.0992    35.1014 r
  U19137/ZN (NAND2_X2)                   0.0873    35.1887 f
  U8872/ZN (INV_X8)                      0.1918    35.3804 r
  U71394/ZN (NAND2_X1)                   0.1028    35.4832 f
  U22464/ZN (NAND4_X2)                   0.2946    35.7778 r
  U19187/ZN (NAND2_X2)                   0.0827    35.8604 f
  U18930/ZN (NAND4_X2)                   0.2321    36.0925 r
  U9990/ZN (NAND2_X2)                    0.0701    36.1626 f
  U18929/ZN (AND3_X2)                    0.2681    36.4307 f
  U19244/ZN (NAND3_X2)                   0.2805    36.7112 r
  U9126/ZN (INV_X4)                      0.0589    36.7701 f
  U19146/ZN (NAND3_X2)                   0.1471    36.9172 r
  U12555/ZN (INV_X1)                     0.0631    36.9803 f
  U71641/ZN (NAND2_X1)                   0.1249    37.1052 r
  U19065/ZN (NAND2_X2)                   0.0705    37.1757 f
  U19007/ZN (NAND2_X2)                   0.0887    37.2645 r
  U19006/ZN (NAND2_X2)                   0.0743    37.3387 f
  U19064/ZN (XNOR2_X2)                   0.2584    37.5971 f
  U8864/ZN (NAND2_X2)                    0.1208    37.7179 r
  U12493/ZN (INV_X1)                     0.0643    37.7822 f
  U22349/ZN (NAND2_X2)                   0.0841    37.8663 r
  U19085/ZN (NAND2_X2)                   0.0868    37.9531 f
  U22490/ZN (AOI21_X2)                   0.3242    38.2773 r
  U22489/ZN (XNOR2_X2)                   0.3158    38.5931 r
  U19171/ZN (NOR2_X2)                    0.0732    38.6662 f
  U19155/ZN (NAND4_X2)                   0.2242    38.8904 r
  U18809/ZN (NAND2_X2)                   0.0851    38.9755 f
  U12481/ZN (AOI21_X2)                   0.2502    39.2257 r
  U22537/ZN (NAND2_X2)                   0.1028    39.3284 f
  U22536/ZN (INV_X4)                     0.0793    39.4078 r
  U8863/ZN (INV_X4)                      0.0736    39.4813 f
  U76590/ZN (OAI21_X1)                   0.2254    39.7067 r
  accumulate_real_reg[1]/D (DFF_X1)      0.0000    39.7067 r
  data arrival time                                39.7067

  clock clk (rise edge)                 40.0000    40.0000
  clock network delay (ideal)            0.0000    40.0000
  clock uncertainty                     -0.0500    39.9500
  accumulate_real_reg[1]/CK (DFF_X1)     0.0000    39.9500 r
  library setup time                    -0.2409    39.7091
  data required time                               39.7091
  -----------------------------------------------------------
  data required time                               39.7091
  data arrival time                               -39.7067
  -----------------------------------------------------------
  slack (MET)                                       0.0024


1
