 
****************************************
Report : timing
        -path full
        -delay max
        -max_paths 1
Design : MyDesign
Version: T-2022.03-SP4
Date   : Wed Dec  6 13:35:13 2023
****************************************

Operating Conditions: slow   Library: NangateOpenCellLibrary_PDKv1_2_v2008_10_slow_nldm
Wire Load Model Mode: top

  Startpoint: current_state_reg[4]
              (rising edge-triggered flip-flop clocked by clk)
  Endpoint: accumulate_real_reg[1]
            (rising edge-triggered flip-flop clocked by clk)
  Path Group: clk
  Path Type: max

  Point                                    Incr       Path
  -----------------------------------------------------------
  clock clk (rise edge)                  0.0000     0.0000
  clock network delay (ideal)            0.0000     0.0000
  current_state_reg[4]/CK (DFF_X2)       0.0000     0.0000 r
  current_state_reg[4]/Q (DFF_X2)        0.6651     0.6651 f
  U10331/ZN (NOR2_X4)                    0.2170     0.8822 r
  U19545/ZN (NAND2_X2)                   0.1035     0.9857 f
  U22453/ZN (INV_X4)                     0.0900     1.0757 r
  U9260/ZN (NAND2_X1)                    0.0644     1.1401 f
  U19204/ZN (NAND3_X2)                   0.1565     1.2966 r
  U19203/ZN (INV_X4)                     0.0534     1.3500 f
  U19202/ZN (NAND2_X4)                   0.2104     1.5604 r
  U10182/ZN (INV_X16)                    0.0694     1.6298 f
  U10285/ZN (INV_X32)                    0.1031     1.7329 r
  U10288/ZN (INV_X32)                    0.0668     1.7997 f
  U9622/ZN (NOR2_X1)                     0.1675     1.9671 r
  U8980/ZN (AOI21_X2)                    0.1584     2.1255 f
  U8970/ZN (INV_X4)                      0.5540     2.6795 r
  U27707/ZN (NOR4_X1)                    0.2390     2.9185 f
  U18079/ZN (NAND2_X1)                   0.1949     3.1134 r
  U12286/ZN (INV_X2)                     0.0635     3.1769 f
  U18820/ZN (NAND4_X2)                   0.3096     3.4865 r
  U18819/ZN (NAND2_X4)                   0.1254     3.6119 f
  U10376/ZN (INV_X16)                    0.0902     3.7022 r
  U10378/ZN (INV_X16)                    0.0588     3.7610 f
  U17949/ZN (INV_X4)                     0.1511     3.9120 r
  U10462/ZN (INV_X8)                     0.0819     3.9939 f
  U57116/ZN (XNOR2_X1)                   0.2477     4.2416 f
  U57117/ZN (OAI22_X1)                   0.3513     4.5930 r
  U57167/S (FA_X1)                       0.8461     5.4391 f
  U57169/CO (FA_X1)                      0.5985     6.0376 f
  U57172/S (FA_X1)                       0.7993     6.8369 r
  U57197/S (FA_X1)                       0.6701     7.5070 f
  U57405/ZN (NAND2_X1)                   0.1540     7.6610 r
  U17747/ZN (INV_X1)                     0.0583     7.7193 f
  U17496/ZN (AOI21_X1)                   0.4303     8.1496 r
  U57409/ZN (OAI21_X1)                   0.1691     8.3187 f
  U12043/ZN (AND2_X1)                    0.1918     8.5105 f
  U24183/ZN (NOR2_X1)                    0.1764     8.6869 r
  U24182/ZN (OAI21_X1)                   0.1208     8.8077 f
  U59779/ZN (AOI21_X1)                   0.2400     9.0477 r
  U59790/ZN (OAI21_X1)                   0.1872     9.2349 f
  U59791/ZN (AOI21_X1)                   0.3834     9.6184 r
  U59792/ZN (OAI21_X1)                   0.1909     9.8093 f
  U10577/ZN (XNOR2_X2)                   0.2804    10.0898 f
  U9606/ZN (NAND2_X1)                    0.1292    10.2190 r
  U61009/ZN (NAND2_X1)                   0.1213    10.3403 f
  U61010/ZN (AOI22_X1)                   0.3827    10.7230 r
  U16567/ZN (NAND3_X1)                   0.1779    10.9010 f
  U16016/ZN (AOI21_X1)                   0.2752    11.1762 r
  U24186/ZN (NAND4_X1)                   0.1562    11.3324 f
  U11722/ZN (AND4_X1)                    0.4343    11.7667 f
  U10308/ZN (NAND4_X2)                   0.1891    11.9558 r
  U19473/ZN (NOR2_X2)                    0.1156    12.0714 f
  U18815/ZN (NAND4_X2)                   0.2191    12.2905 r
  U18814/ZN (INV_X4)                     0.0635    12.3539 f
  U19626/ZN (NAND4_X2)                   0.1369    12.4909 r
  U11683/ZN (AND3_X2)                    0.2004    12.6913 r
  U19369/ZN (NAND2_X2)                   0.0579    12.7492 f
  U22586/ZN (NAND2_X2)                   0.0960    12.8453 r
  U11678/ZN (AND2_X1)                    0.1682    13.0135 r
  U19564/ZN (NAND2_X2)                   0.0794    13.0929 f
  U15675/ZN (INV_X8)                     0.2008    13.2937 r
  U15646/ZN (NAND2_X1)                   0.0901    13.3838 f
  U15575/ZN (NAND2_X1)                   0.2688    13.6526 r
  U15521/ZN (NOR2_X1)                    0.1292    13.7818 f
  U15486/ZN (NAND3_X1)                   0.2219    14.0037 r
  U15483/ZN (NOR2_X1)                    0.0960    14.0997 f
  U11644/ZN (AND2_X1)                    0.2177    14.3175 f
  U15433/ZN (NAND3_X1)                   0.2498    14.5672 r
  U18925/ZN (NAND2_X2)                   0.1491    14.7163 f
  U10041/ZN (AOI21_X4)                   0.2167    14.9330 r
  U15326/ZN (OAI21_X2)                   0.1290    15.0620 f
  U19358/ZN (AOI21_X4)                   0.2040    15.2660 r
  U11590/Z (BUF_X4)                      0.2789    15.5449 r
  U15308/ZN (NAND2_X1)                   0.0841    15.6291 f
  U15302/ZN (NAND2_X1)                   0.1299    15.7590 r
  U15292/ZN (NAND2_X2)                   0.0887    15.8477 f
  U15289/ZN (NOR2_X1)                    0.2296    16.0773 r
  U19182/ZN (INV_X4)                     0.1753    16.2525 f
  U62934/ZN (NOR2_X1)                    0.1643    16.4168 r
  U62935/ZN (NOR2_X1)                    0.0895    16.5063 f
  U62938/ZN (NAND3_X1)                   0.1900    16.6963 r
  U62939/ZN (NAND2_X1)                   0.1009    16.7972 f
  U15047/ZN (AND4_X1)                    0.4456    17.2427 f
  U15022/ZN (INV_X2)                     0.1242    17.3669 r
  U9513/ZN (NAND2_X1)                    0.0917    17.4586 f
  U10205/ZN (OAI211_X4)                  0.2510    17.7096 r
  U14940/ZN (NAND2_X1)                   0.1160    17.8256 f
  U63694/ZN (OAI21_X1)                   0.2962    18.1219 r
  U63695/ZN (NAND2_X1)                   0.0953    18.2172 f
  U14683/ZN (NAND2_X1)                   0.2329    18.4501 r
  U63696/ZN (NAND2_X1)                   0.0998    18.5499 f
  U14500/ZN (NAND3_X1)                   0.1861    18.7361 r
  U14470/ZN (NAND2_X1)                   0.1088    18.8448 f
  U19184/ZN (NAND2_X2)                   0.2802    19.1250 r
  U10003/ZN (NAND2_X2)                   0.1113    19.2363 f
  U19183/ZN (NAND3_X2)                   0.1550    19.3912 r
  U14413/ZN (NAND3_X1)                   0.0924    19.4836 f
  U14405/ZN (AND3_X2)                    0.2413    19.7249 f
  U11312/ZN (INV_X8)                     0.1716    19.8965 r
  U14366/ZN (NAND2_X1)                   0.0840    19.9804 f
  U11310/ZN (AND2_X1)                    0.2286    20.2091 f
  U22743/ZN (XNOR2_X2)                   0.2563    20.4653 f
  U14302/ZN (INV_X1)                     0.1150    20.5804 r
  U64353/ZN (XNOR2_X1)                   0.3146    20.8950 r
  U64698/ZN (NOR2_X1)                    0.0915    20.9865 f
  U14263/ZN (NAND2_X1)                   0.1817    21.1682 r
  U14249/ZN (NOR2_X1)                    0.0748    21.2430 f
  U11286/ZN (AND2_X1)                    0.2129    21.4558 f
  U14205/ZN (NAND3_X1)                   0.1841    21.6399 r
  U19174/ZN (NAND2_X2)                   0.1048    21.7448 f
  U19140/ZN (NOR2_X4)                    0.2443    21.9891 r
  U10365/ZN (AND2_X4)                    0.1929    22.1820 r
  U18917/ZN (AOI21_X2)                   0.0597    22.2417 f
  U11259/ZN (NAND2_X2)                   0.1378    22.3795 r
  U18916/ZN (XNOR2_X2)                   0.3062    22.6857 r
  U10335/ZN (XNOR2_X2)                   0.3132    22.9989 r
  U10334/ZN (NOR2_X2)                    0.0805    23.0793 f
  U19333/ZN (OAI21_X2)                   0.2623    23.3417 r
  U11237/ZN (NAND2_X2)                   0.0782    23.4199 f
  U19332/ZN (NAND2_X2)                   0.1226    23.5424 r
  U19331/ZN (INV_X4)                     0.0551    23.5975 f
  U64884/ZN (OAI21_X1)                   0.2710    23.8685 r
  U10359/ZN (XNOR2_X2)                   0.3289    24.1974 r
  U19321/ZN (NOR2_X2)                    0.0901    24.2875 f
  U22484/ZN (NAND3_X2)                   0.1546    24.4421 r
  U18831/ZN (NAND2_X2)                   0.0835    24.5256 f
  U13878/ZN (OAI21_X2)                   0.2093    24.7349 r
  U13875/ZN (INV_X4)                     0.0660    24.8008 f
  U13867/ZN (NAND2_X4)                   0.1662    24.9670 r
  U11204/ZN (INV_X2)                     0.0772    25.0442 f
  U19229/ZN (NAND2_X4)                   0.1991    25.2432 r
  U19228/ZN (INV_X4)                     0.1195    25.3627 f
  U68367/ZN (AND2_X2)                    0.2451    25.6079 f
  U13845/ZN (INV_X2)                     0.1444    25.7522 r
  U68368/ZN (NOR2_X1)                    0.0814    25.8336 f
  U68369/ZN (NOR2_X1)                    0.1957    26.0293 r
  U9718/ZN (NAND3_X1)                    0.1715    26.2008 f
  U69111/ZN (OR4_X1)                     0.6837    26.8844 f
  U69112/ZN (OAI21_X1)                   0.2047    27.0892 r
  U69113/ZN (NAND3_X1)                   0.1441    27.2333 f
  U13518/ZN (OAI21_X2)                   0.2010    27.4343 r
  U18889/ZN (NAND4_X2)                   0.1508    27.5851 f
  U18888/ZN (INV_X4)                     0.0724    27.6575 r
  U13500/ZN (AOI21_X2)                   0.0728    27.7303 f
  U10362/ZN (NAND2_X2)                   0.1076    27.8379 r
  U19235/ZN (INV_X4)                     0.1238    27.9616 f
  U13458/ZN (AOI21_X1)                   0.1909    28.1525 r
  U13441/ZN (NAND2_X1)                   0.1739    28.3265 f
  U70171/ZN (NOR4_X1)                    0.5808    28.9073 r
  U13359/ZN (AND3_X1)                    0.2320    29.1393 r
  U70173/ZN (NAND3_X1)                   0.0680    29.2073 f
  U70177/ZN (NOR2_X1)                    0.1848    29.3921 r
  U10073/ZN (NAND4_X2)                   0.1267    29.5188 f
  U10072/ZN (NAND3_X2)                   0.1380    29.6568 r
  U19126/ZN (NAND2_X2)                   0.0894    29.7463 f
  U13282/ZN (NOR2_X2)                    0.2029    29.9491 r
  U70313/Z (XOR2_X1)                     0.4306    30.3798 r
  U10607/ZN (NAND2_X2)                   0.1196    30.4993 f
  U10606/ZN (OAI21_X4)                   0.2506    30.7499 r
  U9065/ZN (NAND2_X2)                    0.1136    30.8635 f
  U8878/ZN (INV_X4)                      0.3611    31.2246 r
  U70503/ZN (NAND2_X1)                   0.1067    31.3313 f
  U21367/ZN (AND2_X1)                    0.2282    31.5595 f
  U70506/ZN (NAND3_X1)                   0.1844    31.7439 r
  U70634/ZN (NAND2_X1)                   0.1220    31.8659 f
  U13022/ZN (AND4_X1)                    0.4155    32.2813 f
  U70924/ZN (NOR2_X1)                    0.3181    32.5995 r
  U12984/ZN (INV_X1)                     0.1071    32.7066 f
  U10069/ZN (XNOR2_X2)                   0.2502    32.9569 f
  U10068/ZN (AND2_X4)                    0.2057    33.1626 f
  U70943/ZN (INV_X1)                     0.0763    33.2389 r
  U20353/ZN (AND2_X1)                    0.1737    33.4126 r
  U10822/ZN (AND2_X2)                    0.1688    33.5814 r
  U18939/ZN (NAND2_X2)                   0.0672    33.6485 f
  U19462/ZN (NOR2_X2)                    0.1483    33.7968 r
  U9995/ZN (NAND2_X2)                    0.0838    33.8806 f
  U18824/ZN (NAND2_X2)                   0.0929    33.9735 r
  U12730/ZN (INV_X2)                     0.0443    34.0178 f
  U12716/ZN (NAND2_X1)                   0.0939    34.1117 r
  U12709/ZN (AND2_X2)                    0.1827    34.2944 r
  U9870/ZN (NAND2_X1)                    0.0778    34.3722 f
  U10444/ZN (NAND3_X2)                   0.2962    34.6684 r
  U10764/ZN (INV_X4)                     0.0935    34.7618 f
  U19021/ZN (NAND2_X2)                   0.1350    34.8968 r
  U19081/ZN (NAND2_X4)                   0.1061    35.0029 f
  U10757/ZN (INV_X4)                     0.0992    35.1021 r
  U19137/ZN (NAND2_X2)                   0.0873    35.1893 f
  U8872/ZN (INV_X8)                      0.1918    35.3811 r
  U71394/ZN (NAND2_X1)                   0.1028    35.4839 f
  U22464/ZN (NAND4_X2)                   0.2946    35.7784 r
  U19187/ZN (NAND2_X2)                   0.0827    35.8611 f
  U18930/ZN (NAND4_X2)                   0.2321    36.0932 r
  U9990/ZN (NAND2_X2)                    0.0701    36.1632 f
  U18929/ZN (AND3_X2)                    0.2681    36.4313 f
  U19244/ZN (NAND3_X2)                   0.2805    36.7119 r
  U9126/ZN (INV_X4)                      0.0589    36.7708 f
  U19146/ZN (NAND3_X2)                   0.1471    36.9179 r
  U12555/ZN (INV_X1)                     0.0631    36.9810 f
  U71641/ZN (NAND2_X1)                   0.1249    37.1059 r
  U19065/ZN (NAND2_X2)                   0.0705    37.1764 f
  U19007/ZN (NAND2_X2)                   0.0887    37.2651 r
  U19006/ZN (NAND2_X2)                   0.0743    37.3394 f
  U19064/ZN (XNOR2_X2)                   0.2584    37.5978 f
  U8864/ZN (NAND2_X2)                    0.1208    37.7185 r
  U12493/ZN (INV_X1)                     0.0643    37.7829 f
  U22349/ZN (NAND2_X2)                   0.0841    37.8670 r
  U19085/ZN (NAND2_X2)                   0.0868    37.9538 f
  U22490/ZN (AOI21_X2)                   0.3242    38.2780 r
  U22489/ZN (XNOR2_X2)                   0.3158    38.5937 r
  U19171/ZN (NOR2_X2)                    0.0732    38.6669 f
  U19155/ZN (NAND4_X2)                   0.2242    38.8911 r
  U18809/ZN (NAND2_X2)                   0.0851    38.9761 f
  U12481/ZN (AOI21_X2)                   0.2502    39.2263 r
  U22537/ZN (NAND2_X2)                   0.1028    39.3291 f
  U22536/ZN (INV_X4)                     0.0793    39.4084 r
  U8863/ZN (INV_X4)                      0.0736    39.4820 f
  U76590/ZN (OAI21_X1)                   0.2254    39.7074 r
  accumulate_real_reg[1]/D (DFF_X1)      0.0000    39.7074 r
  data arrival time                                39.7074

  clock clk (rise edge)                 40.0000    40.0000
  clock network delay (ideal)            0.0000    40.0000
  clock uncertainty                     -0.0500    39.9500
  accumulate_real_reg[1]/CK (DFF_X1)     0.0000    39.9500 r
  library setup time                    -0.2409    39.7091
  data required time                               39.7091
  -----------------------------------------------------------
  data required time                               39.7091
  data arrival time                               -39.7074
  -----------------------------------------------------------
  slack (MET)                                       0.0017


1
