Information: Updating design information... (UID-85)
 
****************************************
Report : timing
        -path full
        -delay max
        -max_paths 1
Design : MyDesign
Version: T-2022.03-SP4
Date   : Fri Dec  8 18:44:16 2023
****************************************

Operating Conditions: slow   Library: NangateOpenCellLibrary_PDKv1_2_v2008_10_slow_nldm
Wire Load Model Mode: top

  Startpoint: current_state_reg[1]
              (rising edge-triggered flip-flop clocked by clk)
  Endpoint: accumulate_real_reg[52]
            (rising edge-triggered flip-flop clocked by clk)
  Path Group: clk
  Path Type: max

  Point                                    Incr       Path
  -----------------------------------------------------------
  clock clk (rise edge)                  0.0000     0.0000
  clock network delay (ideal)            0.0000     0.0000
  current_state_reg[1]/CK (DFF_X1)       0.0000     0.0000 r
  current_state_reg[1]/Q (DFF_X1)        0.5960     0.5960 f
  U9811/ZN (NOR2_X2)                     0.2542     0.8503 r
  U21028/ZN (NAND3_X1)                   0.0987     0.9490 f
  U15187/ZN (NAND3_X1)                   0.2434     1.1924 r
  U15966/ZN (NAND2_X2)                   0.0784     1.2708 f
  U15992/ZN (NAND3_X2)                   0.1580     1.4289 r
  U15991/ZN (INV_X8)                     0.0968     1.5257 f
  U11265/ZN (INV_X32)                    0.2631     1.7888 r
  U21183/Z (MUX2_X1)                     0.9621     2.7509 f
  U9858/ZN (INV_X8)                      0.1468     2.8977 r
  U8915/ZN (INV_X8)                      0.1217     3.0195 f
  U44681/ZN (XNOR2_X1)                   0.2654     3.2849 r
  U44684/ZN (OAI22_X1)                   0.1579     3.4427 f
  U9121/ZN (INV_X1)                      0.1533     3.5960 r
  U9834/ZN (INV_X2)                      0.0640     3.6600 f
  U44763/CO (FA_X1)                      0.6167     4.2766 f
  U45195/S (FA_X1)                       0.9040     5.1807 f
  U45182/CO (FA_X1)                      0.6178     5.7985 f
  U45226/S (FA_X1)                       0.8784     6.6770 f
  U45261/S (FA_X1)                       0.7472     7.4242 r
  U45213/ZN (NAND2_X1)                   0.0919     7.5161 f
  U45305/ZN (INV_X1)                     0.0804     7.5965 r
  U19405/ZN (NAND2_X1)                   0.0658     7.6623 f
  U19403/ZN (AND2_X1)                    0.1684     7.8307 f
  U45307/ZN (OAI21_X1)                   0.1919     8.0225 r
  U45308/ZN (AOI21_X1)                   0.1448     8.1673 f
  U15788/ZN (OR2_X1)                     0.3003     8.4677 f
  U14721/ZN (NAND2_X1)                   0.1956     8.6633 r
  U14709/ZN (AOI21_X2)                   0.0969     8.7602 f
  U14693/ZN (OAI21_X1)                   0.2397     8.9999 r
  U14668/ZN (NAND2_X1)                   0.1241     9.1239 f
  U15803/ZN (NAND2_X2)                   0.2299     9.3539 r
  U14632/ZN (NAND3_X1)                   0.1321     9.4860 f
  U14610/ZN (NAND3_X1)                   0.2242     9.7102 r
  U47729/ZN (NAND2_X1)                   0.1188     9.8291 f
  U18001/ZN (AND2_X4)                    0.2771    10.1062 f
  U49771/ZN (OAI21_X1)                   0.2893    10.3954 r
  U9741/ZN (XNOR2_X2)                    0.3860    10.7814 r
  U50698/ZN (NAND2_X1)                   0.1290    10.9104 f
  U50701/ZN (NAND4_X1)                   0.3264    11.2369 r
  U51000/ZN (NAND2_X1)                   0.1080    11.3449 f
  U51002/ZN (NAND4_X1)                   0.3307    11.6756 r
  U51455/ZN (AOI22_X1)                   0.1551    11.8307 f
  U10827/ZN (AND3_X1)                    0.2892    12.1199 f
  U10824/ZN (AND2_X1)                    0.2334    12.3533 f
  U9466/ZN (NOR2_X2)                     0.1076    12.4608 r
  U13838/ZN (AND3_X1)                    0.2184    12.6792 r
  U13827/ZN (NAND2_X1)                   0.0757    12.7549 f
  U13809/ZN (NOR2_X1)                    0.1810    12.9359 r
  U13801/ZN (NAND2_X1)                   0.1107    13.0466 f
  U13798/ZN (NOR2_X2)                    0.1477    13.1943 r
  U13786/ZN (NAND2_X2)                   0.0793    13.2737 f
  U10795/ZN (INV_X2)                     0.0937    13.3674 r
  U9473/ZN (NAND2_X2)                    0.0638    13.4312 f
  U13774/ZN (INV_X2)                     0.0645    13.4957 r
  U15924/ZN (NAND2_X2)                   0.0457    13.5413 f
  U10791/ZN (INV_X1)                     0.0686    13.6099 r
  U13749/ZN (NAND2_X1)                   0.0708    13.6807 f
  U15790/ZN (NAND2_X2)                   0.1200    13.8007 r
  U15789/ZN (OAI21_X2)                   0.0993    13.9000 f
  U13725/ZN (OAI21_X1)                   0.2051    14.1051 r
  U13708/ZN (NAND2_X1)                   0.1058    14.2109 f
  U16085/ZN (OR2_X4)                     0.3874    14.5982 f
  U16828/ZN (OR2_X1)                     0.2331    14.8314 f
  U18169/ZN (NAND2_X1)                   0.2314    15.0627 r
  U10756/ZN (INV_X1)                     0.1121    15.1749 f
  U13566/ZN (AND4_X1)                    0.4255    15.6004 f
  U10736/ZN (AND4_X1)                    0.4101    16.0105 f
  U9655/ZN (NAND3_X2)                    0.1212    16.1317 r
  U13553/ZN (NAND2_X2)                   0.0992    16.2309 f
  U13532/ZN (INV_X2)                     0.1525    16.3834 r
  U9465/ZN (OAI21_X2)                    0.0969    16.4803 f
  U9613/ZN (AOI21_X2)                    0.1673    16.6476 r
  U60260/ZN (OAI21_X1)                   0.1244    16.7720 f
  U16006/ZN (NAND2_X2)                   0.1051    16.8772 r
  U13507/ZN (NAND2_X2)                   0.0849    16.9621 f
  U13505/ZN (INV_X4)                     0.1676    17.1297 r
  U60373/ZN (INV_X4)                     0.1176    17.2473 f
  U60420/ZN (NAND2_X1)                   0.1103    17.3576 r
  U13496/ZN (NAND2_X1)                   0.0942    17.4518 f
  U15920/ZN (NAND2_X2)                   0.2786    17.7303 r
  U10707/ZN (INV_X4)                     0.1671    17.8974 f
  U15979/ZN (NOR2_X2)                    0.1417    18.0391 r
  U10695/ZN (INV_X2)                     0.0548    18.0939 f
  U10692/ZN (INV_X4)                     0.1307    18.2246 r
  U10688/ZN (INV_X4)                     0.0610    18.2856 f
  U9462/ZN (NOR2_X2)                     0.6730    18.9586 r
  U9461/ZN (INV_X1)                      0.2490    19.2076 f
  U60983/ZN (NOR2_X1)                    0.2615    19.4691 r
  U60984/ZN (NOR3_X1)                    0.1061    19.5752 f
  U60985/ZN (NAND2_X1)                   0.1993    19.7744 r
  U10632/ZN (OR2_X1)                     0.2236    19.9980 r
  U60988/ZN (NAND2_X1)                   0.0997    20.0977 f
  U13119/ZN (OAI21_X1)                   0.3288    20.4265 r
  U61043/ZN (AOI21_X1)                   0.1429    20.5694 f
  U9884/ZN (OAI21_X2)                    0.2411    20.8105 r
  U9883/ZN (AOI21_X2)                    0.1175    20.9280 f
  U13005/ZN (OAI211_X2)                  0.2572    21.1851 r
  U13000/ZN (NAND2_X1)                   0.1361    21.3213 f
  U10505/ZN (NAND3_X2)                   0.1467    21.4680 r
  U12984/Z (CLKBUF_X3)                   0.3637    21.8317 r
  U61821/ZN (AOI21_X1)                   0.1649    21.9966 f
  U9938/Z (XOR2_X2)                      0.4216    22.4183 f
  U61838/ZN (XNOR2_X1)                   0.3010    22.7193 f
  U61839/ZN (NOR2_X1)                    0.2942    23.0134 r
  U61840/ZN (NAND2_X1)                   0.1212    23.1346 f
  U12910/ZN (NOR2_X1)                    0.2388    23.3734 r
  U61841/ZN (INV_X1)                     0.0653    23.4388 f
  U10489/ZN (OAI21_X1)                   0.2435    23.6823 r
  U19455/ZN (NAND2_X1)                   0.1077    23.7900 f
  U15994/ZN (AND3_X4)                    0.3932    24.1832 f
  U10470/ZN (AND2_X4)                    0.2983    24.4816 f
  U9957/ZN (AOI21_X4)                    0.1659    24.6475 r
  U9956/ZN (NAND2_X4)                    0.0896    24.7371 f
  U15897/ZN (NAND2_X2)                   0.1425    24.8796 r
  U15978/ZN (XNOR2_X2)                   0.3062    25.1858 r
  U9718/ZN (XNOR2_X2)                    0.3062    25.4920 r
  U12769/ZN (NAND2_X1)                   0.1233    25.6153 f
  U9528/ZN (OAI21_X2)                    0.2340    25.8493 r
  U10437/ZN (INV_X2)                     0.0521    25.9014 f
  U15903/ZN (NAND2_X2)                   0.1437    26.0451 r
  U15901/ZN (INV_X4)                     0.0571    26.1023 f
  U10429/ZN (OAI21_X1)                   0.2713    26.3736 r
  U9511/ZN (XNOR2_X2)                    0.3342    26.7078 r
  U15768/ZN (NOR2_X2)                    0.0737    26.7815 f
  U15767/ZN (NAND4_X2)                   0.3101    27.0916 r
  U12595/ZN (AND2_X2)                    0.2532    27.3448 r
  U63025/ZN (NAND2_X1)                   0.0762    27.4210 f
  U12505/ZN (NAND3_X1)                   0.2687    27.6897 r
  U12494/ZN (NOR2_X2)                    0.1194    27.8091 f
  U15805/ZN (INV_X4)                     0.2127    28.0217 r
  U15804/ZN (NAND2_X2)                   0.1234    28.1452 f
  U10390/ZN (INV_X4)                     0.2598    28.4049 r
  U66936/ZN (NAND2_X1)                   0.1001    28.5050 f
  U10373/ZN (AND3_X1)                    0.2981    28.8031 f
  U12384/ZN (NAND2_X1)                   0.1896    28.9928 r
  U12373/ZN (NAND2_X1)                   0.0877    29.0804 f
  U12361/ZN (NAND4_X1)                   0.3538    29.4343 r
  U19303/ZN (NAND2_X1)                   0.1028    29.5371 f
  U19383/ZN (NAND3_X1)                   0.2773    29.8144 r
  U12292/ZN (NAND2_X1)                   0.0948    29.9092 f
  U12249/ZN (NAND3_X1)                   0.2684    30.1776 r
  U12235/ZN (NAND2_X1)                   0.1237    30.3013 f
  U12221/ZN (NOR2_X1)                    0.2392    30.5405 r
  U12209/ZN (NAND2_X1)                   0.1222    30.6627 f
  U12205/ZN (INV_X1)                     0.2857    30.9484 r
  U67665/ZN (NAND3_X1)                   0.1361    31.0845 f
  U67666/Z (XOR2_X1)                     0.3806    31.4651 f
  U67667/ZN (NAND2_X1)                   0.1469    31.6120 r
  U9515/ZN (NAND3_X2)                    0.1028    31.7148 f
  U9514/ZN (NOR4_X1)                     0.5741    32.2888 r
  U10280/ZN (AND4_X1)                    0.3130    32.6018 r
  U12029/ZN (NAND3_X1)                   0.1004    32.7023 f
  U11994/ZN (NAND3_X1)                   0.1390    32.8412 r
  U15919/ZN (NAND2_X2)                   0.0905    32.9317 f
  U11981/ZN (NAND2_X1)                   0.1525    33.0843 r
  U68316/ZN (NAND2_X1)                   0.0875    33.1718 f
  U11977/ZN (AND3_X2)                    0.2270    33.3988 f
  U11976/ZN (OAI21_X2)                   0.3170    33.7158 r
  U11967/ZN (NAND2_X1)                   0.1190    33.8348 f
  U15907/ZN (NAND2_X2)                   0.2254    34.0602 r
  U10219/ZN (INV_X1)                     0.1108    34.1710 f
  U16072/ZN (NOR2_X4)                    0.5813    34.7523 r
  U68542/ZN (AOI22_X1)                   0.2541    35.0063 f
  U68545/ZN (NAND3_X1)                   0.2717    35.2780 r
  U68546/ZN (NAND2_X1)                   0.0978    35.3758 f
  U16886/ZN (AND2_X1)                    0.2172    35.5930 f
  U68557/ZN (NAND3_X1)                   0.1600    35.7530 r
  U20789/ZN (INV_X1)                     0.0703    35.8233 f
  U69113/ZN (OAI21_X1)                   0.4053    36.2286 r
  U69114/ZN (XNOR2_X1)                   0.3510    36.5796 r
  U69120/ZN (NAND2_X1)                   0.1186    36.6982 f
  U20771/ZN (NAND2_X1)                   0.1429    36.8412 r
  U11738/ZN (INV_X1)                     0.0597    36.9009 f
  U10119/ZN (NAND2_X1)                   0.1514    37.0523 r
  U11699/ZN (INV_X1)                     0.0616    37.1139 f
  U11693/ZN (NAND2_X1)                   0.1723    37.2862 r
  U10106/ZN (INV_X1)                     0.0708    37.3570 f
  U15820/ZN (NAND2_X2)                   0.1150    37.4720 r
  U11656/ZN (INV_X2)                     0.0470    37.5189 f
  U15819/ZN (NAND2_X2)                   0.1225    37.6414 r
  U15818/ZN (INV_X2)                     0.0526    37.6940 f
  U69285/ZN (NAND3_X1)                   0.1328    37.8268 r
  U69286/ZN (NAND2_X1)                   0.0907    37.9175 f
  U11589/ZN (AND3_X2)                    0.2987    38.2162 f
  U9821/ZN (NAND2_X4)                    0.1869    38.4031 r
  U9820/ZN (INV_X8)                      0.0588    38.4619 f
  U11567/ZN (NAND2_X1)                   0.1676    38.6295 r
  U9876/ZN (NAND2_X4)                    0.0977    38.7273 f
  U10064/ZN (AND2_X4)                    0.2559    38.9832 f
  U9457/ZN (INV_X4)                      0.0815    39.0647 r
  U9459/ZN (INV_X4)                      0.0707    39.1354 f
  U69552/ZN (NAND2_X1)                   0.1003    39.2357 r
  U10050/ZN (AND2_X1)                    0.1556    39.3913 r
  U69569/ZN (NAND3_X1)                   0.0908    39.4821 f
  U69570/ZN (NAND2_X1)                   0.1401    39.6222 r
  U11482/ZN (NAND3_X1)                   0.1220    39.7442 f
  U11462/ZN (NAND2_X1)                   0.1070    39.8512 r
  U69676/ZN (NAND3_X1)                   0.0827    39.9339 f
  U69706/ZN (NAND2_X1)                   0.1295    40.0634 r
  U16007/ZN (NAND2_X2)                   0.0775    40.1408 f
  U15797/ZN (NOR2_X2)                    0.2943    40.4351 r
  U15796/ZN (NAND2_X2)                   0.1171    40.5522 f
  U15795/ZN (NOR2_X2)                    0.1781    40.7303 r
  U69912/ZN (XNOR2_X1)                   0.3343    41.0646 r
  U9471/ZN (NAND2_X2)                    0.0936    41.1582 f
  U69913/ZN (AND2_X1)                    0.1805    41.3387 f
  U69914/ZN (NOR2_X1)                    0.2680    41.6067 r
  U69955/ZN (NOR2_X1)                    0.1243    41.7311 f
  U19441/ZN (AND2_X1)                    0.1765    41.9076 f
  U69985/ZN (NAND2_X1)                   0.1378    42.0454 r
  U69987/ZN (NAND2_X1)                   0.0861    42.1314 f
  U69989/ZN (XNOR2_X1)                   0.2502    42.3816 f
  U69990/ZN (NOR2_X1)                    0.2540    42.6357 r
  U15773/ZN (NAND3_X2)                   0.0870    42.7227 f
  U11343/ZN (OAI21_X2)                   0.2695    42.9921 r
  U9802/ZN (NAND2_X2)                    0.0787    43.0708 f
  U15772/ZN (NAND2_X2)                   0.1248    43.1957 r
  U15910/ZN (INV_X4)                     0.0714    43.2671 f
  U70154/ZN (AOI21_X1)                   0.1870    43.4541 r
  U70156/ZN (OAI21_X1)                   0.1359    43.5900 f
  accumulate_real_reg[52]/D (DFF_X1)     0.0000    43.5900 f
  data arrival time                                43.5900

  clock clk (rise edge)                 44.0000    44.0000
  clock network delay (ideal)            0.0000    44.0000
  clock uncertainty                     -0.0500    43.9500
  accumulate_real_reg[52]/CK (DFF_X1)    0.0000    43.9500 r
  library setup time                    -0.3599    43.5901
  data required time                               43.5901
  -----------------------------------------------------------
  data required time                               43.5901
  data arrival time                               -43.5900
  -----------------------------------------------------------
  slack (MET)                                       0.0002


1
