 
****************************************
Report : timing
        -path full
        -delay max
        -max_paths 1
Design : MyDesign
Version: T-2022.03-SP4
Date   : Fri Dec  8 18:45:15 2023
****************************************

Operating Conditions: slow   Library: NangateOpenCellLibrary_PDKv1_2_v2008_10_slow_nldm
Wire Load Model Mode: top

  Startpoint: q_gates_sram_read_data[25]
              (input port clocked by clk)
  Endpoint: accumulate_real_reg[52]
            (rising edge-triggered flip-flop clocked by clk)
  Path Group: clk
  Path Type: max

  Point                                    Incr       Path
  -----------------------------------------------------------
  clock clk (rise edge)                  0.0000     0.0000
  clock network delay (ideal)            0.0000     0.0000
  input external delay                   0.6580     0.6580 f
  q_gates_sram_read_data[25] (in)        0.0365     0.6945 f
  U18133/ZN (INV_X1)                     0.5428     1.2373 r
  U15274/ZN (INV_X8)                     0.3495     1.5867 f
  U15957/ZN (XNOR2_X2)                   0.4317     2.0185 f
  U29990/ZN (NAND2_X1)                   0.7649     2.7833 r
  U9134/ZN (INV_X1)                      0.2282     3.0115 f
  U11272/ZN (INV_X8)                     0.3861     3.3976 r
  U9128/ZN (OAI22_X1)                    0.2804     3.6780 f
  U54037/CO (FA_X1)                      0.6950     4.3730 f
  U54015/S (FA_X1)                       0.9105     5.2835 f
  U54160/S (FA_X1)                       0.9171     6.2006 r
  U54179/S (FA_X1)                       0.7348     6.9353 f
  U54221/S (FA_X1)                       0.8753     7.8106 f
  U54222/S (FA_X1)                       0.7472     8.5578 r
  U54240/ZN (NOR2_X1)                    0.0854     8.6432 f
  U14848/ZN (INV_X1)                     0.1077     8.7508 r
  U19143/ZN (NAND2_X1)                   0.0921     8.8429 f
  U19142/ZN (NOR2_X1)                    0.1825     9.0254 r
  U54276/ZN (INV_X1)                     0.0654     9.0908 f
  U54283/ZN (OAI21_X1)                   0.2443     9.3350 r
  U54284/ZN (INV_X1)                     0.0767     9.4117 f
  U9671/ZN (OAI21_X2)                    0.2461     9.6578 r
  U57614/ZN (INV_X2)                     0.1257     9.7835 f
  U57836/ZN (OAI21_X1)                   0.2494    10.0329 r
  U57839/ZN (XNOR2_X1)                   0.1979    10.2308 f
  U14580/ZN (INV_X1)                     0.1640    10.3948 r
  U58189/ZN (NOR2_X1)                    0.0796    10.4744 f
  U58190/ZN (NOR2_X1)                    0.2142    10.6886 r
  U58193/ZN (NAND3_X1)                   0.1250    10.8135 f
  U58194/ZN (NAND2_X1)                   0.1202    10.9338 r
  U14104/ZN (AND2_X1)                    0.1556    11.0893 r
  U14028/ZN (NAND3_X1)                   0.0933    11.1826 f
  U14012/ZN (AOI22_X1)                   0.3868    11.5695 r
  U59665/ZN (NAND3_X1)                   0.1548    11.7243 f
  U13897/ZN (OR4_X1)                     0.7103    12.4346 f
  U13868/ZN (AND2_X1)                    0.2019    12.6364 f
  U13836/ZN (AND3_X1)                    0.2335    12.8699 f
  U59752/ZN (AND2_X2)                    0.2081    13.0781 f
  U59860/ZN (AND3_X2)                    0.2238    13.3019 f
  U10792/ZN (NAND3_X2)                   0.1609    13.4628 r
  U13764/ZN (XNOR2_X2)                   0.3087    13.7715 r
  U13755/ZN (NAND2_X2)                   0.0781    13.8496 f
  U13748/ZN (NAND2_X2)                   0.1415    13.9911 r
  U16018/ZN (NAND2_X2)                   0.1099    14.1010 f
  U13728/ZN (OR2_X1)                     0.2171    14.3181 f
  U13719/ZN (NAND3_X1)                   0.2738    14.5918 r
  U15825/ZN (INV_X4)                     0.1255    14.7173 f
  U13698/ZN (NOR3_X1)                    0.3973    15.1146 r
  U15858/ZN (NAND3_X2)                   0.1594    15.2739 f
  U13676/ZN (INV_X1)                     0.1063    15.3802 r
  U13663/ZN (NAND2_X1)                   0.0876    15.4678 f
  U13643/ZN (INV_X2)                     0.1308    15.5986 r
  U9529/ZN (XNOR2_X2)                    0.2675    15.8661 r
  U19139/ZN (NAND2_X1)                   0.1067    15.9729 f
  U8865/ZN (OAI21_X2)                    0.1903    16.1632 r
  U9274/ZN (INV_X1)                      0.0717    16.2349 f
  U9465/ZN (OAI21_X2)                    0.2067    16.4416 r
  U9613/ZN (AOI21_X2)                    0.1013    16.5429 f
  U60260/ZN (OAI21_X1)                   0.2397    16.7826 r
  U16006/ZN (NAND2_X2)                   0.0805    16.8630 f
  U13507/ZN (NAND2_X2)                   0.1618    17.0248 r
  U13505/ZN (INV_X4)                     0.1024    17.1272 f
  U60373/ZN (INV_X4)                     0.2209    17.3481 r
  U10717/ZN (NAND3_X1)                   0.1155    17.4637 f
  U16004/ZN (NAND2_X2)                   0.1987    17.6623 r
  U13483/ZN (OR2_X2)                     0.3403    18.0026 r
  U17231/ZN (NAND2_X1)                   0.1697    18.1723 f
  U9882/ZN (INV_X8)                      0.2366    18.4089 r
  U61098/ZN (AOI22_X1)                   0.1130    18.5219 f
  U9491/ZN (AND2_X4)                     0.2764    18.7983 f
  U10669/ZN (INV_X1)                     0.1639    18.9622 r
  U61099/ZN (NAND2_X1)                   0.0844    19.0466 f
  U61105/ZN (NAND2_X1)                   0.1299    19.1765 r
  U61106/ZN (NAND2_X1)                   0.0800    19.2565 f
  U13246/ZN (NAND2_X1)                   0.1965    19.4530 r
  U13220/ZN (NAND2_X1)                   0.1120    19.5650 f
  U61181/ZN (OAI21_X1)                   0.3428    19.9078 r
  U9696/ZN (INV_X4)                      0.0415    19.9493 f
  U8863/ZN (OAI21_X2)                    0.2242    20.1734 r
  U61182/ZN (NAND2_X1)                   0.0957    20.2692 f
  U13076/ZN (NAND3_X1)                   0.2538    20.5230 r
  U13049/ZN (INV_X1)                     0.1443    20.6672 f
  U9885/ZN (OAI21_X4)                    0.1692    20.8364 r
  U9883/ZN (AOI21_X2)                    0.1155    20.9519 f
  U13005/ZN (OAI211_X2)                  0.2572    21.2091 r
  U13000/ZN (NAND2_X1)                   0.1361    21.3452 f
  U10505/ZN (NAND3_X2)                   0.1467    21.4919 r
  U12984/Z (CLKBUF_X3)                   0.3637    21.8557 r
  U61821/ZN (AOI21_X1)                   0.1649    22.0206 f
  U9938/Z (XOR2_X2)                      0.4216    22.4422 f
  U61838/ZN (XNOR2_X1)                   0.3010    22.7432 f
  U61839/ZN (NOR2_X1)                    0.2942    23.0374 r
  U61840/ZN (NAND2_X1)                   0.1212    23.1586 f
  U12910/ZN (NOR2_X1)                    0.2388    23.3974 r
  U61841/ZN (INV_X1)                     0.0653    23.4627 f
  U10489/ZN (OAI21_X1)                   0.2435    23.7062 r
  U19455/ZN (NAND2_X1)                   0.1077    23.8139 f
  U15994/ZN (AND3_X4)                    0.3932    24.2072 f
  U10470/ZN (AND2_X4)                    0.2983    24.5055 f
  U9957/ZN (AOI21_X4)                    0.1659    24.6714 r
  U9956/ZN (NAND2_X4)                    0.0896    24.7610 f
  U15897/ZN (NAND2_X2)                   0.1425    24.9036 r
  U15978/ZN (XNOR2_X2)                   0.3062    25.2097 r
  U9718/ZN (XNOR2_X2)                    0.3062    25.5159 r
  U12769/ZN (NAND2_X1)                   0.1233    25.6393 f
  U9528/ZN (OAI21_X2)                    0.2340    25.8733 r
  U10437/ZN (INV_X2)                     0.0521    25.9254 f
  U15903/ZN (NAND2_X2)                   0.1437    26.0691 r
  U15901/ZN (INV_X4)                     0.0571    26.1262 f
  U10429/ZN (OAI21_X1)                   0.2713    26.3975 r
  U9511/ZN (XNOR2_X2)                    0.3342    26.7317 r
  U15768/ZN (NOR2_X2)                    0.0737    26.8055 f
  U15767/ZN (NAND4_X2)                   0.3101    27.1156 r
  U12595/ZN (AND2_X2)                    0.2532    27.3687 r
  U63025/ZN (NAND2_X1)                   0.0762    27.4449 f
  U12505/ZN (NAND3_X1)                   0.2687    27.7136 r
  U12494/ZN (NOR2_X2)                    0.1194    27.8330 f
  U15805/ZN (INV_X4)                     0.2127    28.0457 r
  U15804/ZN (NAND2_X2)                   0.1234    28.1691 f
  U10390/ZN (INV_X4)                     0.2598    28.4289 r
  U66936/ZN (NAND2_X1)                   0.1001    28.5290 f
  U10373/ZN (AND3_X1)                    0.2981    28.8271 f
  U12384/ZN (NAND2_X1)                   0.1896    29.0167 r
  U12373/ZN (NAND2_X1)                   0.0877    29.1044 f
  U12361/ZN (NAND4_X1)                   0.3538    29.4582 r
  U19303/ZN (NAND2_X1)                   0.1028    29.5610 f
  U19383/ZN (NAND3_X1)                   0.2773    29.8383 r
  U12292/ZN (NAND2_X1)                   0.0948    29.9331 f
  U12249/ZN (NAND3_X1)                   0.2684    30.2015 r
  U12235/ZN (NAND2_X1)                   0.1237    30.3253 f
  U12221/ZN (NOR2_X1)                    0.2392    30.5644 r
  U12209/ZN (NAND2_X1)                   0.1222    30.6866 f
  U12205/ZN (INV_X1)                     0.2857    30.9723 r
  U67665/ZN (NAND3_X1)                   0.1361    31.1085 f
  U67666/Z (XOR2_X1)                     0.3806    31.4890 f
  U67667/ZN (NAND2_X1)                   0.1469    31.6359 r
  U9515/ZN (NAND3_X2)                    0.1028    31.7387 f
  U9514/ZN (NOR4_X1)                     0.5741    32.3128 r
  U10280/ZN (AND4_X1)                    0.3130    32.6258 r
  U12029/ZN (NAND3_X1)                   0.1004    32.7262 f
  U11994/ZN (NAND3_X1)                   0.1390    32.8652 r
  U15919/ZN (NAND2_X2)                   0.0905    32.9557 f
  U11981/ZN (NAND2_X1)                   0.1525    33.1082 r
  U68316/ZN (NAND2_X1)                   0.0875    33.1957 f
  U11977/ZN (AND3_X2)                    0.2270    33.4227 f
  U11976/ZN (OAI21_X2)                   0.3170    33.7398 r
  U11967/ZN (NAND2_X1)                   0.1190    33.8588 f
  U15907/ZN (NAND2_X2)                   0.2254    34.0842 r
  U10219/ZN (INV_X1)                     0.1108    34.1949 f
  U16072/ZN (NOR2_X4)                    0.5813    34.7762 r
  U68542/ZN (AOI22_X1)                   0.2541    35.0303 f
  U68545/ZN (NAND3_X1)                   0.2717    35.3019 r
  U68546/ZN (NAND2_X1)                   0.0978    35.3997 f
  U16886/ZN (AND2_X1)                    0.2172    35.6169 f
  U68557/ZN (NAND3_X1)                   0.1600    35.7769 r
  U20789/ZN (INV_X1)                     0.0703    35.8472 f
  U69113/ZN (OAI21_X1)                   0.4053    36.2525 r
  U69114/ZN (XNOR2_X1)                   0.3510    36.6035 r
  U69120/ZN (NAND2_X1)                   0.1186    36.7222 f
  U20771/ZN (NAND2_X1)                   0.1429    36.8651 r
  U11738/ZN (INV_X1)                     0.0597    36.9248 f
  U10119/ZN (NAND2_X1)                   0.1514    37.0762 r
  U11699/ZN (INV_X1)                     0.0616    37.1378 f
  U11693/ZN (NAND2_X1)                   0.1723    37.3101 r
  U10106/ZN (INV_X1)                     0.0708    37.3809 f
  U15820/ZN (NAND2_X2)                   0.1150    37.4959 r
  U11656/ZN (INV_X2)                     0.0470    37.5429 f
  U15819/ZN (NAND2_X2)                   0.1225    37.6653 r
  U15818/ZN (INV_X2)                     0.0526    37.7180 f
  U69285/ZN (NAND3_X1)                   0.1328    37.8507 r
  U69286/ZN (NAND2_X1)                   0.0907    37.9414 f
  U11589/ZN (AND3_X2)                    0.2987    38.2401 f
  U9821/ZN (NAND2_X4)                    0.1869    38.4270 r
  U9820/ZN (INV_X8)                      0.0588    38.4858 f
  U11567/ZN (NAND2_X1)                   0.1676    38.6535 r
  U9876/ZN (NAND2_X4)                    0.0977    38.7512 f
  U10064/ZN (AND2_X4)                    0.2559    39.0072 f
  U9457/ZN (INV_X4)                      0.0815    39.0886 r
  U9459/ZN (INV_X4)                      0.0707    39.1594 f
  U69552/ZN (NAND2_X1)                   0.1003    39.2597 r
  U10050/ZN (AND2_X1)                    0.1556    39.4152 r
  U69569/ZN (NAND3_X1)                   0.0908    39.5061 f
  U69570/ZN (NAND2_X1)                   0.1401    39.6462 r
  U11482/ZN (NAND3_X1)                   0.1220    39.7682 f
  U11462/ZN (NAND2_X1)                   0.1070    39.8751 r
  U69676/ZN (NAND3_X1)                   0.0827    39.9579 f
  U69706/ZN (NAND2_X1)                   0.1295    40.0873 r
  U16007/ZN (NAND2_X2)                   0.0775    40.1648 f
  U15797/ZN (NOR2_X2)                    0.2943    40.4591 r
  U15796/ZN (NAND2_X2)                   0.1171    40.5761 f
  U15795/ZN (NOR2_X2)                    0.1781    40.7543 r
  U69912/ZN (XNOR2_X1)                   0.3343    41.0885 r
  U9471/ZN (NAND2_X2)                    0.0936    41.1821 f
  U69913/ZN (AND2_X1)                    0.1805    41.3627 f
  U69914/ZN (NOR2_X1)                    0.2680    41.6307 r
  U69955/ZN (NOR2_X1)                    0.1243    41.7550 f
  U19441/ZN (AND2_X1)                    0.1765    41.9315 f
  U69985/ZN (NAND2_X1)                   0.1378    42.0693 r
  U69987/ZN (NAND2_X1)                   0.0861    42.1554 f
  U69989/ZN (XNOR2_X1)                   0.2502    42.4056 f
  U69990/ZN (NOR2_X1)                    0.2540    42.6596 r
  U15773/ZN (NAND3_X2)                   0.0870    42.7466 f
  U11343/ZN (OAI21_X2)                   0.2695    43.0161 r
  U9802/ZN (NAND2_X2)                    0.0787    43.0948 f
  U15772/ZN (NAND2_X2)                   0.1248    43.2196 r
  U15910/ZN (INV_X4)                     0.0714    43.2910 f
  U70154/ZN (AOI21_X1)                   0.1870    43.4781 r
  U70156/ZN (OAI21_X1)                   0.1359    43.6139 f
  accumulate_real_reg[52]/D (DFF_X1)     0.0000    43.6139 f
  data arrival time                                43.6139

  clock clk (rise edge)                 44.0000    44.0000
  clock network delay (ideal)            0.0000    44.0000
  clock uncertainty                     -0.0500    43.9500
  accumulate_real_reg[52]/CK (DFF_X1)    0.0000    43.9500 r
  library setup time                    -0.3599    43.5901
  data required time                               43.5901
  -----------------------------------------------------------
  data required time                               43.5901
  data arrival time                               -43.6139
  -----------------------------------------------------------
  slack (VIOLATED)                                 -0.0238


1
