Information: Updating design information... (UID-85)
 
****************************************
Report : timing
        -path full
        -delay max
        -max_paths 1
Design : MyDesign
Version: T-2022.03-SP4
Date   : Fri Dec  8 15:01:41 2023
****************************************

Operating Conditions: slow   Library: NangateOpenCellLibrary_PDKv1_2_v2008_10_slow_nldm
Wire Load Model Mode: top

  Startpoint: current_state_reg[2]
              (rising edge-triggered flip-flop clocked by clk)
  Endpoint: accumulate_img_reg[49]
            (rising edge-triggered flip-flop clocked by clk)
  Path Group: clk
  Path Type: max

  Point                                                   Incr       Path
  --------------------------------------------------------------------------
  clock clk (rise edge)                                 0.0000     0.0000
  clock network delay (ideal)                           0.0000     0.0000
  current_state_reg[2]/CK (DFF_X1)                      0.0000     0.0000 r
  current_state_reg[2]/Q (DFF_X1)                       0.6682     0.6682 f
  U17681/ZN (NOR2_X2)                                   0.2770     0.9452 r
  U17656/ZN (NAND3_X1)                                  0.1156     1.0608 f
  U18196/ZN (NAND3_X2)                                  0.1181     1.1789 r
  U18194/ZN (NAND2_X2)                                  0.0701     1.2489 f
  U18191/ZN (NAND3_X2)                                  0.1659     1.4148 r
  U19035/ZN (INV_X8)                                    0.0925     1.5073 f
  U17604/ZN (INV_X32)                                   0.1926     1.6999 r
  U12046/ZN (NAND2_X2)                                  0.0976     1.7975 f
  U27389/ZN (NAND2_X4)                                  0.6797     2.4772 r
  U11993/ZN (INV_X2)                                    0.1539     2.6311 f
  U17506/ZN (INV_X4)                                    0.1894     2.8204 r
  U29155/ZN (XNOR2_X1)                                  0.3314     3.1518 r
  U29270/ZN (OAI22_X1)                                  0.2098     3.3616 f
  U10146/ZN (INV_X4)                                    0.1124     3.4740 r
  U10147/ZN (INV_X4)                                    0.0420     3.5160 f
  U29315/CO (FA_X1)                                     0.6152     4.1312 f
  U29328/CO (FA_X1)                                     0.6507     4.7819 f
  U29338/CO (FA_X1)                                     0.5172     5.2991 f
  U29310/CO (FA_X1)                                     0.5360     5.8352 f
  U29298/S (FA_X1)                                      0.9040     6.7392 f
  U29326/CO (FA_X1)                                     0.5960     7.3352 f
  U29324/ZN (XNOR2_X1)                                  0.2897     7.6249 f
  U29325/ZN (XNOR2_X1)                                  0.3004     7.9253 f
  U29417/ZN (NAND2_X1)                                  0.1495     8.0748 r
  U29418/ZN (INV_X1)                                    0.0583     8.1331 f
  U9194/ZN (AOI21_X1)                                   0.4303     8.5634 r
  U29423/ZN (OAI21_X1)                                  0.1351     8.6985 f
  U29424/ZN (AOI21_X1)                                  0.3824     9.0809 r
  U16702/ZN (OAI21_X1)                                  0.1788     9.2597 f
  U16658/ZN (INV_X2)                                    0.2504     9.5102 r
  U18456/ZN (OAI21_X4)                                  0.1752     9.6854 f
  U10308/ZN (INV_X4)                                    0.1150     9.8003 r
  U10438/ZN (OAI21_X2)                                  0.0750     9.8753 f
  U10440/ZN (INV_X4)                                    0.1154     9.9908 r
  U10439/ZN (INV_X8)                                    0.0511    10.0418 f
  U18786/ZN (AOI21_X1)                                  0.2553    10.2971 r
  U10358/ZN (XNOR2_X2)                                  0.4020    10.6991 r
  U33637/ZN (NAND2_X1)                                  0.1064    10.8055 f
  U16228/ZN (NAND4_X1)                                  0.3500    11.1555 r
  U34108/ZN (NAND2_X1)                                  0.1073    11.2628 f
  U34109/ZN (NAND4_X1)                                  0.3766    11.6394 r
  U16071/ZN (AND2_X1)                                   0.1992    11.8386 r
  U34127/ZN (NOR2_X1)                                   0.0513    11.8899 f
  U15468/ZN (NAND2_X1)                                  0.1727    12.0626 r
  U15437/ZN (INV_X1)                                    0.0948    12.1574 f
  U34217/ZN (NAND2_X1)                                  0.1106    12.2679 r
  U15406/ZN (NAND2_X1)                                  0.1039    12.3718 f
  U15376/ZN (AOI21_X2)                                  0.2946    12.6664 r
  U10143/ZN (NAND3_X2)                                  0.1055    12.7719 f
  U11372/ZN (INV_X1)                                    0.1228    12.8948 r
  U11368/ZN (NAND2_X2)                                  0.0770    12.9718 f
  U19431/ZN (OR2_X1)                                    0.2151    13.1869 f
  U19432/ZN (OR2_X1)                                    0.2284    13.4153 f
  U43376/ZN (NOR2_X1)                                   0.2259    13.6412 r
  U15266/ZN (AND2_X1)                                   0.2348    13.8760 r
  U15259/ZN (AND2_X1)                                   0.2065    14.0825 r
  U15223/ZN (AND2_X1)                                   0.2037    14.2862 r
  U43392/ZN (NAND2_X1)                                  0.0860    14.3721 f
  U43393/ZN (XNOR2_X1)                                  0.2286    14.6007 r
  U43416/ZN (NAND2_X1)                                  0.1158    14.7165 f
  U15069/ZN (NAND2_X1)                                  0.2654    14.9819 r
  U26003/ZN (INV_X1)                                    0.0706    15.0525 f
  U43517/ZN (NAND3_X1)                                  0.2282    15.2806 r
  U43518/ZN (NOR4_X1)                                   0.1143    15.3950 f
  U11294/ZN (AND4_X2)                                   0.2408    15.6357 f
  U14990/ZN (NAND3_X1)                                  0.1935    15.8292 r
  U18914/ZN (NAND2_X2)                                  0.0911    15.9203 f
  U11282/ZN (NAND2_X1)                                  0.1642    16.0845 r
  U22141/ZN (AOI21_X2)                                  0.1078    16.1923 f
  U14956/ZN (OAI21_X2)                                  0.2547    16.4470 r
  U21886/ZN (NAND2_X2)                                  0.0976    16.5446 f
  U11275/ZN (NAND2_X4)                                  0.1792    16.7238 r
  U14911/ZN (NAND2_X1)                                  0.0975    16.8213 f
  U14893/ZN (OAI21_X2)                                  0.2990    17.1203 r
  U43572/ZN (INV_X2)                                    0.1233    17.2435 f
  U14876/ZN (OR2_X4)                                    0.3286    17.5722 f
  U11249/ZN (INV_X8)                                    0.1905    17.7627 r
  U44027/ZN (NAND2_X1)                                  0.0873    17.8500 f
  U44028/ZN (NAND4_X1)                                  0.3848    18.2348 r
  U44235/ZN (NAND2_X1)                                  0.1092    18.3440 f
  U14739/ZN (AND4_X1)                                   0.4417    18.7857 f
  U44236/ZN (NOR2_X1)                                   0.1610    18.9468 r
  U44239/ZN (OAI21_X1)                                  0.0998    19.0466 f
  U44240/ZN (NOR2_X1)                                   0.3602    19.4068 r
  U19950/ZN (XNOR2_X1)                                  0.3446    19.7514 r
  U14375/ZN (NOR2_X1)                                   0.0992    19.8506 f
  U14323/ZN (NOR2_X1)                                   0.2330    20.0836 r
  U21226/ZN (INV_X1)                                    0.0611    20.1447 f
  U14279/ZN (NAND2_X1)                                  0.1419    20.2866 r
  U14252/ZN (NAND2_X1)                                  0.0740    20.3606 f
  FP_Adder1/U1/U1/U2/U1/UEN0_1_3_0/ZN (AOI21_X1)        0.3666    20.7272 r
  FP_Adder1/U1/U1/U2/U1/UEN1_1_4_0/ZN (OAI21_X1)        0.1239    20.8511 f
  U11091/ZN (AND2_X1)                                   0.1860    21.0372 f
  U18186/ZN (NOR2_X2)                                   0.1380    21.1751 r
  U14182/ZN (NAND2_X1)                                  0.0799    21.2550 f
  U14177/ZN (NAND3_X1)                                  0.1683    21.4234 r
  U14144/ZN (NAND2_X1)                                  0.0851    21.5085 f
  U14129/ZN (NAND2_X1)                                  0.1372    21.6457 r
  U11068/ZN (NAND3_X2)                                  0.0807    21.7264 f
  U18218/ZN (NAND2_X2)                                  0.1534    21.8798 r
  U14060/ZN (NAND2_X4)                                  0.1165    21.9963 f
  U14053/ZN (INV_X2)                                    0.0987    22.0950 r
  U14032/ZN (NAND2_X1)                                  0.0677    22.1627 f
  U18306/ZN (NAND2_X2)                                  0.1269    22.2896 r
  U14011/ZN (INV_X2)                                    0.0590    22.3486 f
  U14003/ZN (NAND2_X1)                                  0.2214    22.5700 r
  U18814/ZN (INV_X4)                                    0.0668    22.6368 f
  U10104/ZN (INV_X8)                                    0.1208    22.7576 r
  U10105/ZN (INV_X32)                                   0.0562    22.8138 f
  U13980/ZN (NAND2_X1)                                  0.0959    22.9097 r
  U11025/ZN (AND2_X1)                                   0.1697    23.0794 r
  U13932/ZN (NAND3_X1)                                  0.1298    23.2092 f
  U19937/ZN (NAND2_X1)                                  0.1448    23.3540 r
  U10354/ZN (NAND2_X2)                                  0.0884    23.4424 f
  U10353/ZN (OAI21_X2)                                  0.1800    23.6224 r
  U13873/ZN (INV_X2)                                    0.0687    23.6911 f
  U18800/ZN (NAND2_X2)                                  0.1344    23.8255 r
  U11003/ZN (NAND2_X2)                                  0.0882    23.9138 f
  U10999/ZN (INV_X1)                                    0.0964    24.0102 r
  U18307/ZN (NAND2_X2)                                  0.0912    24.1014 f
  U13779/ZN (XNOR2_X1)                                  0.2514    24.3528 f
  U10141/ZN (AOI21_X2)                                  0.2279    24.5807 r
  U10140/ZN (NAND2_X4)                                  0.0882    24.6688 f
  U13692/ZN (INV_X1)                                    0.1833    24.8522 r
  U10249/ZN (AOI21_X4)                                  0.0987    24.9509 f
  U10197/ZN (OAI21_X4)                                  0.1854    25.1363 r
  U18305/ZN (NAND2_X2)                                  0.0747    25.2110 f
  U18304/ZN (NAND2_X2)                                  0.1567    25.3677 r
  U13616/ZN (NAND3_X1)                                  0.1040    25.4717 f
  U22021/ZN (NAND2_X2)                                  0.1321    25.6038 r
  U10948/ZN (XNOR2_X1)                                  0.3095    25.9133 r
  U10943/ZN (INV_X1)                                    0.0707    25.9839 f
  U13600/ZN (AND2_X2)                                   0.2216    26.2055 f
  U18185/ZN (NAND4_X2)                                  0.1660    26.3715 r
  U18184/ZN (NAND2_X2)                                  0.1071    26.4786 f
  U13586/ZN (NAND2_X2)                                  0.1709    26.6496 r
  U10217/ZN (NAND2_X4)                                  0.1049    26.7545 f
  U10935/ZN (INV_X8)                                    0.1840    26.9384 r
  U21897/ZN (NAND2_X1)                                  0.0859    27.0244 f
  U46442/ZN (NAND2_X1)                                  0.1451    27.1695 r
  U10916/ZN (INV_X1)                                    0.0893    27.2588 f
  U46443/ZN (NOR2_X1)                                   0.1912    27.4500 r
  U46463/ZN (OAI21_X1)                                  0.1092    27.5592 f
  U46464/ZN (AOI21_X1)                                  0.3673    27.9265 r
  U46465/ZN (OAI21_X1)                                  0.1716    28.0981 f
  U13381/ZN (NAND2_X1)                                  0.1486    28.2467 r
  U10843/ZN (NAND4_X2)                                  0.1306    28.3773 f
  U18536/ZN (NAND2_X2)                                  0.1422    28.5194 r
  U18535/ZN (NAND3_X4)                                  0.1658    28.6853 f
  U18203/ZN (INV_X32)                                   0.1716    28.8568 r
  U22195/Z (MUX2_X2)                                    0.8637    29.7205 f
  U13245/ZN (NAND4_X1)                                  0.3462    30.0667 r
  U9618/ZN (NOR3_X1)                                    0.1487    30.2155 f
  U9599/ZN (NAND2_X1)                                   0.1688    30.3843 r
  U18761/ZN (NOR2_X2)                                   0.0760    30.4603 f
  U13089/ZN (INV_X2)                                    0.0779    30.5381 r
  U18212/ZN (NAND2_X2)                                  0.0570    30.5952 f
  U13048/ZN (INV_X1)                                    0.1269    30.7220 r
  U10752/ZN (NAND2_X2)                                  0.0807    30.8027 f
  U18211/ZN (NOR2_X2)                                   0.1407    30.9435 r
  U22225/ZN (NAND2_X2)                                  0.1416    31.0850 f
  U71795/ZN (OAI222_X1)                                 0.8359    31.9209 r
  U76122/ZN (XNOR2_X1)                                  0.1778    32.0987 f
  U12944/ZN (AND2_X1)                                   0.2970    32.3957 f
  FP_Adder_AccumImg/U1/U1/U2/U1/UORT0_1_8/ZN (NOR2_X1)
                                                        0.1783    32.5741 r
  U12900/ZN (AND2_X1)                                   0.1731    32.7472 r
  U71710/ZN (NAND2_X1)                                  0.0586    32.8058 f
  U10682/ZN (OAI21_X1)                                  0.2841    33.0899 r
  U22148/ZN (AOI21_X2)                                  0.1335    33.2234 f
  U10676/ZN (NAND2_X1)                                  0.1216    33.3450 r
  U12776/ZN (NAND2_X1)                                  0.0754    33.4205 f
  U10666/ZN (OAI22_X1)                                  0.2412    33.6617 r
  U18802/ZN (NAND3_X2)                                  0.1130    33.7747 f
  U18801/ZN (NAND3_X2)                                  0.3407    34.1153 r
  U18789/ZN (INV_X4)                                    0.0802    34.1956 f
  U12729/ZN (NAND2_X1)                                  0.1355    34.3311 r
  U18208/ZN (NAND2_X2)                                  0.1080    34.4391 f
  U10655/ZN (AND2_X4)                                   0.2437    34.6828 f
  U9592/ZN (INV_X1)                                     0.2513    34.9341 r
  U72075/ZN (OR2_X1)                                    0.1910    35.1250 r
  U10647/ZN (NAND4_X1)                                  0.1518    35.2768 f
  U12656/ZN (NAND2_X1)                                  0.1213    35.3981 r
  U12615/ZN (NAND2_X1)                                  0.0740    35.4721 f
  U72093/ZN (AOI21_X1)                                  0.3865    35.8585 r
  U12552/ZN (INV_X2)                                    0.0506    35.9091 f
  U9615/ZN (NAND2_X1)                                   0.1611    36.0702 r
  U18276/ZN (NAND3_X2)                                  0.1438    36.2140 f
  U12502/ZN (NAND2_X2)                                  0.2998    36.5138 r
  U10618/ZN (INV_X4)                                    0.1671    36.6809 f
  U72351/ZN (NAND2_X1)                                  0.1316    36.8126 r
  U10611/ZN (NAND3_X1)                                  0.1289    36.9415 f
  U12435/ZN (NAND2_X1)                                  0.1305    37.0720 r
  U10587/ZN (INV_X1)                                    0.0583    37.1303 f
  U9659/ZN (AOI21_X1)                                   0.4796    37.6099 r
  U72362/Z (XOR2_X1)                                    0.5334    38.1433 r
  U10562/ZN (OR3_X1)                                    0.2254    38.3688 r
  U12372/ZN (NOR2_X1)                                   0.0524    38.4211 f
  U12362/ZN (NAND3_X1)                                  0.2451    38.6662 r
  U22020/ZN (NOR2_X2)                                   0.0761    38.7423 f
  U18300/ZN (NAND4_X2)                                  0.1329    38.8752 r
  U12340/ZN (NAND2_X2)                                  0.1077    38.9829 f
  U12339/ZN (AOI21_X2)                                  0.2568    39.2397 r
  U10162/ZN (NAND2_X2)                                  0.2071    39.4468 f
  U76004/ZN (OAI21_X1)                                  0.2595    39.7063 r
  accumulate_img_reg[49]/D (DFF_X1)                     0.0000    39.7063 r
  data arrival time                                               39.7063

  clock clk (rise edge)                                40.0000    40.0000
  clock network delay (ideal)                           0.0000    40.0000
  clock uncertainty                                    -0.0500    39.9500
  accumulate_img_reg[49]/CK (DFF_X1)                    0.0000    39.9500 r
  library setup time                                   -0.2409    39.7091
  data required time                                              39.7091
  --------------------------------------------------------------------------
  data required time                                              39.7091
  data arrival time                                              -39.7063
  --------------------------------------------------------------------------
  slack (MET)                                                      0.0028


1
